[2018-01-29 15:54:32] defaultLogger.INFO: SELECT route.id, route.entity_id, route.type, route.parent_url, route.url FROM route WHERE route.url='sender' LIMIT 1 [] []
[2018-01-29 15:54:56] defaultLogger.INFO: SELECT route.id, route.entity_id, route.type, route.parent_url, route.url FROM route WHERE route.url='sender' LIMIT 1 [] []
[2018-01-29 15:55:01] defaultLogger.INFO: SELECT route.id, route.entity_id, route.type, route.parent_url, route.url FROM route WHERE route.url='sender' LIMIT 1 [] []
[2018-01-29 15:55:04] defaultLogger.INFO: SELECT route.id, route.entity_id, route.type, route.parent_url, route.url FROM route WHERE route.url='sender' LIMIT 1 [] []
[2018-01-29 16:00:39] defaultLogger.INFO: SELECT route.id, route.entity_id, route.type, route.parent_url, route.url FROM route WHERE route.url='sender' LIMIT 1 [] []
[2018-01-29 16:01:19] defaultLogger.INFO: SELECT route.id, route.entity_id, route.type, route.parent_url, route.url FROM route WHERE route.url='sender' LIMIT 1 [] []
[2018-01-29 17:06:41] defaultLogger.INFO: SELECT route.id, route.entity_id, route.type, route.parent_url, route.url FROM route WHERE route.url='sender' LIMIT 1 [] []
[2018-01-29 17:06:47] defaultLogger.INFO: SELECT route.id, route.entity_id, route.type, route.parent_url, route.url FROM route WHERE route.url='newnum' LIMIT 1 [] []
[2018-01-29 17:06:48] defaultLogger.INFO: SELECT route.id, route.entity_id, route.type, route.parent_url, route.url FROM route WHERE route.url='newnum' LIMIT 1 [] []
[2018-01-29 17:06:49] defaultLogger.INFO: SELECT route.id, route.entity_id, route.type, route.parent_url, route.url FROM route WHERE route.url='newnum' LIMIT 1 [] []
[2018-01-29 17:52:50] defaultLogger.INFO: SELECT route.id, route.entity_id, route.type, route.parent_url, route.url FROM route WHERE route.url='sender' LIMIT 1 [] []
[2018-01-29 17:53:11] defaultLogger.INFO: SELECT route.id, route.entity_id, route.type, route.parent_url, route.url FROM route WHERE route.url='sender' LIMIT 1 [] []
[2018-01-29 17:53:18] defaultLogger.INFO: SELECT route.id, route.entity_id, route.type, route.parent_url, route.url FROM route WHERE route.url='sender' LIMIT 1 [] []
[2018-01-29 17:53:36] defaultLogger.INFO: SELECT route.id, route.entity_id, route.type, route.parent_url, route.url FROM route WHERE route.url='progress-bar.gif' LIMIT 1 [] []
[2018-01-29 17:53:36] defaultLogger.INFO: SELECT route.id, route.entity_id, route.type, route.parent_url, route.url FROM route WHERE route.url='de.png' LIMIT 1 [] []
[2018-01-29 17:53:36] defaultLogger.INFO: SELECT route.id, route.entity_id, route.type, route.parent_url, route.url FROM route WHERE route.url='en.png' LIMIT 1 [] []
[2018-01-29 17:53:36] defaultLogger.INFO: SELECT route.id, route.entity_id, route.type, route.parent_url, route.url FROM route WHERE route.url='img-2.jpg' LIMIT 1 [] []
[2018-01-29 17:53:44] defaultLogger.INFO: SELECT route.id, route.entity_id, route.type, route.parent_url, route.url FROM route WHERE route.url='sender' LIMIT 1 [] []
[2018-01-29 17:54:06] defaultLogger.INFO: SELECT route.id, route.entity_id, route.type, route.parent_url, route.url FROM route WHERE route.url='newnum' LIMIT 1 [] []
[2018-01-29 17:54:09] defaultLogger.INFO: SELECT route.id, route.entity_id, route.type, route.parent_url, route.url FROM route WHERE route.url='sender' LIMIT 1 [] []
[2018-01-29 18:02:53] defaultLogger.INFO: SELECT route.id, route.entity_id, route.type, route.parent_url, route.url FROM route WHERE route.url='sender' LIMIT 1 [] []
[2018-01-29 18:03:00] defaultLogger.INFO: SELECT route.id, route.entity_id, route.type, route.parent_url, route.url FROM route WHERE route.url='sender' LIMIT 1 [] []
[2018-01-29 18:03:11] defaultLogger.INFO: SELECT route.id, route.entity_id, route.type, route.parent_url, route.url FROM route WHERE route.url='progress-bar.gif' LIMIT 1 [] []
[2018-01-29 18:03:11] defaultLogger.INFO: SELECT route.id, route.entity_id, route.type, route.parent_url, route.url FROM route WHERE route.url='img-2.jpg' LIMIT 1 [] []
[2018-01-29 18:03:11] defaultLogger.INFO: SELECT route.id, route.entity_id, route.type, route.parent_url, route.url FROM route WHERE route.url='de.png' LIMIT 1 [] []
[2018-01-29 18:03:11] defaultLogger.INFO: SELECT route.id, route.entity_id, route.type, route.parent_url, route.url FROM route WHERE route.url='en.png' LIMIT 1 [] []
[2018-01-29 18:03:21] defaultLogger.INFO: SELECT route.id, route.entity_id, route.type, route.parent_url, route.url FROM route WHERE route.url='sender' LIMIT 1 [] []
[2018-01-29 18:04:12] defaultLogger.INFO: SELECT route.id, route.entity_id, route.type, route.parent_url, route.url FROM route WHERE route.url='newnum' LIMIT 1 [] []
[2018-01-29 18:04:17] defaultLogger.INFO: SELECT route.id, route.entity_id, route.type, route.parent_url, route.url FROM route WHERE route.url='sender' LIMIT 1 [] []
[2018-01-29 18:05:13] defaultLogger.INFO: SELECT route.id, route.entity_id, route.type, route.parent_url, route.url FROM route WHERE route.url='newnum' LIMIT 1 [] []
[2018-01-29 18:05:17] defaultLogger.INFO: SELECT route.id, route.entity_id, route.type, route.parent_url, route.url FROM route WHERE route.url='sender' LIMIT 1 [] []
[2018-01-29 18:07:02] defaultLogger.INFO: SELECT route.id, route.entity_id, route.type, route.parent_url, route.url FROM route WHERE route.url='img-2.jpg' LIMIT 1 [] []
[2018-01-29 18:07:02] defaultLogger.INFO: SELECT route.id, route.entity_id, route.type, route.parent_url, route.url FROM route WHERE route.url='progress-bar.gif' LIMIT 1 [] []
[2018-01-29 18:07:02] defaultLogger.INFO: SELECT route.id, route.entity_id, route.type, route.parent_url, route.url FROM route WHERE route.url='de.png' LIMIT 1 [] []
[2018-01-29 18:07:02] defaultLogger.INFO: SELECT route.id, route.entity_id, route.type, route.parent_url, route.url FROM route WHERE route.url='en.png' LIMIT 1 [] []
[2018-01-29 18:07:03] defaultLogger.INFO: SELECT route.id, route.entity_id, route.type, route.parent_url, route.url FROM route WHERE route.url='progress-bar.gif' LIMIT 1 [] []
[2018-01-29 18:07:03] defaultLogger.INFO: SELECT route.id, route.entity_id, route.type, route.parent_url, route.url FROM route WHERE route.url='de.png' LIMIT 1 [] []
[2018-01-29 18:07:03] defaultLogger.INFO: SELECT route.id, route.entity_id, route.type, route.parent_url, route.url FROM route WHERE route.url='en.png' LIMIT 1 [] []
[2018-01-29 18:07:03] defaultLogger.INFO: SELECT route.id, route.entity_id, route.type, route.parent_url, route.url FROM route WHERE route.url='img-2.jpg' LIMIT 1 [] []
[2018-01-29 18:07:13] defaultLogger.INFO: SELECT route.id, route.entity_id, route.type, route.parent_url, route.url FROM route WHERE route.url='en.png' LIMIT 1 [] []
[2018-01-29 18:07:13] defaultLogger.INFO: SELECT route.id, route.entity_id, route.type, route.parent_url, route.url FROM route WHERE route.url='img-2.jpg' LIMIT 1 [] []
[2018-01-29 18:07:13] defaultLogger.INFO: SELECT route.id, route.entity_id, route.type, route.parent_url, route.url FROM route WHERE route.url='de.png' LIMIT 1 [] []
[2018-01-29 18:07:13] defaultLogger.INFO: SELECT route.id, route.entity_id, route.type, route.parent_url, route.url FROM route WHERE route.url='progress-bar.gif' LIMIT 1 [] []
[2018-01-29 18:07:16] defaultLogger.INFO: SELECT route.id, route.entity_id, route.type, route.parent_url, route.url FROM route WHERE route.url='progress-bar.gif' LIMIT 1 [] []
[2018-01-29 18:07:17] defaultLogger.INFO: SELECT route.id, route.entity_id, route.type, route.parent_url, route.url FROM route WHERE route.url='en.png' LIMIT 1 [] []
[2018-01-29 18:07:17] defaultLogger.INFO: SELECT route.id, route.entity_id, route.type, route.parent_url, route.url FROM route WHERE route.url='de.png' LIMIT 1 [] []
[2018-01-29 18:07:17] defaultLogger.INFO: SELECT route.id, route.entity_id, route.type, route.parent_url, route.url FROM route WHERE route.url='img-2.jpg' LIMIT 1 [] []
[2018-01-29 18:07:19] defaultLogger.INFO: SELECT route.id, route.entity_id, route.type, route.parent_url, route.url FROM route WHERE route.url='progress-bar.gif' LIMIT 1 [] []
[2018-01-29 18:07:19] defaultLogger.INFO: SELECT route.id, route.entity_id, route.type, route.parent_url, route.url FROM route WHERE route.url='en.png' LIMIT 1 [] []
[2018-01-29 18:07:19] defaultLogger.INFO: SELECT route.id, route.entity_id, route.type, route.parent_url, route.url FROM route WHERE route.url='img-2.jpg' LIMIT 1 [] []
[2018-01-29 18:07:20] defaultLogger.INFO: SELECT route.id, route.entity_id, route.type, route.parent_url, route.url FROM route WHERE route.url='de.png' LIMIT 1 [] []
[2018-01-29 18:08:31] defaultLogger.INFO: SELECT route.id, route.entity_id, route.type, route.parent_url, route.url FROM route WHERE route.url='progress-bar.gif' LIMIT 1 [] []
[2018-01-29 18:08:31] defaultLogger.INFO: SELECT route.id, route.entity_id, route.type, route.parent_url, route.url FROM route WHERE route.url='img-2.jpg' LIMIT 1 [] []
[2018-01-29 18:08:31] defaultLogger.INFO: SELECT route.id, route.entity_id, route.type, route.parent_url, route.url FROM route WHERE route.url='de.png' LIMIT 1 [] []
[2018-01-29 18:08:31] defaultLogger.INFO: SELECT route.id, route.entity_id, route.type, route.parent_url, route.url FROM route WHERE route.url='en.png' LIMIT 1 [] []
[2018-01-29 18:08:35] defaultLogger.INFO: SELECT route.id, route.entity_id, route.type, route.parent_url, route.url FROM route WHERE route.url='progress-bar.gif' LIMIT 1 [] []
[2018-01-29 18:08:35] defaultLogger.INFO: SELECT route.id, route.entity_id, route.type, route.parent_url, route.url FROM route WHERE route.url='de.png' LIMIT 1 [] []
[2018-01-29 18:08:35] defaultLogger.INFO: SELECT route.id, route.entity_id, route.type, route.parent_url, route.url FROM route WHERE route.url='en.png' LIMIT 1 [] []
[2018-01-29 18:08:36] defaultLogger.INFO: SELECT route.id, route.entity_id, route.type, route.parent_url, route.url FROM route WHERE route.url='img-2.jpg' LIMIT 1 [] []
[2018-01-29 18:09:20] defaultLogger.INFO: SELECT route.id, route.entity_id, route.type, route.parent_url, route.url FROM route WHERE route.url='progress-bar.gif' LIMIT 1 [] []
[2018-01-29 18:09:20] defaultLogger.INFO: SELECT route.id, route.entity_id, route.type, route.parent_url, route.url FROM route WHERE route.url='en.png' LIMIT 1 [] []
[2018-01-29 18:09:20] defaultLogger.INFO: SELECT route.id, route.entity_id, route.type, route.parent_url, route.url FROM route WHERE route.url='img-2.jpg' LIMIT 1 [] []
[2018-01-29 18:09:20] defaultLogger.INFO: SELECT route.id, route.entity_id, route.type, route.parent_url, route.url FROM route WHERE route.url='de.png' LIMIT 1 [] []
[2018-01-29 18:09:27] defaultLogger.INFO: SELECT route.id, route.entity_id, route.type, route.parent_url, route.url FROM route WHERE route.url='progress-bar.gif' LIMIT 1 [] []
[2018-01-29 18:09:27] defaultLogger.INFO: SELECT route.id, route.entity_id, route.type, route.parent_url, route.url FROM route WHERE route.url='img-2.jpg' LIMIT 1 [] []
[2018-01-29 18:09:27] defaultLogger.INFO: SELECT route.id, route.entity_id, route.type, route.parent_url, route.url FROM route WHERE route.url='de.png' LIMIT 1 [] []
[2018-01-29 18:09:27] defaultLogger.INFO: SELECT route.id, route.entity_id, route.type, route.parent_url, route.url FROM route WHERE route.url='en.png' LIMIT 1 [] []
[2018-01-29 18:09:29] defaultLogger.INFO: SELECT route.id, route.entity_id, route.type, route.parent_url, route.url FROM route WHERE route.url='en.png' LIMIT 1 [] []
[2018-01-29 18:09:29] defaultLogger.INFO: SELECT route.id, route.entity_id, route.type, route.parent_url, route.url FROM route WHERE route.url='progress-bar.gif' LIMIT 1 [] []
[2018-01-29 18:09:29] defaultLogger.INFO: SELECT route.id, route.entity_id, route.type, route.parent_url, route.url FROM route WHERE route.url='de.png' LIMIT 1 [] []
[2018-01-29 18:09:29] defaultLogger.INFO: SELECT route.id, route.entity_id, route.type, route.parent_url, route.url FROM route WHERE route.url='img-2.jpg' LIMIT 1 [] []
[2018-01-29 18:09:33] defaultLogger.INFO: SELECT route.id, route.entity_id, route.type, route.parent_url, route.url FROM route WHERE route.url='progress-bar.gif' LIMIT 1 [] []
[2018-01-29 18:09:33] defaultLogger.INFO: SELECT route.id, route.entity_id, route.type, route.parent_url, route.url FROM route WHERE route.url='en.png' LIMIT 1 [] []
[2018-01-29 18:09:33] defaultLogger.INFO: SELECT route.id, route.entity_id, route.type, route.parent_url, route.url FROM route WHERE route.url='de.png' LIMIT 1 [] []
[2018-01-29 18:09:33] defaultLogger.INFO: SELECT route.id, route.entity_id, route.type, route.parent_url, route.url FROM route WHERE route.url='img-2.jpg' LIMIT 1 [] []
[2018-01-29 18:09:35] defaultLogger.INFO: SELECT route.id, route.entity_id, route.type, route.parent_url, route.url FROM route WHERE route.url='de.png' LIMIT 1 [] []
[2018-01-29 18:09:35] defaultLogger.INFO: SELECT route.id, route.entity_id, route.type, route.parent_url, route.url FROM route WHERE route.url='img-2.jpg' LIMIT 1 [] []
[2018-01-29 18:09:35] defaultLogger.INFO: SELECT route.id, route.entity_id, route.type, route.parent_url, route.url FROM route WHERE route.url='progress-bar.gif' LIMIT 1 [] []
[2018-01-29 18:09:35] defaultLogger.INFO: SELECT route.id, route.entity_id, route.type, route.parent_url, route.url FROM route WHERE route.url='en.png' LIMIT 1 [] []
[2018-01-29 18:09:46] defaultLogger.INFO: SELECT route.id, route.entity_id, route.type, route.parent_url, route.url FROM route WHERE route.url='sender' LIMIT 1 [] []
[2018-01-29 18:11:08] defaultLogger.INFO: SELECT route.id, route.entity_id, route.type, route.parent_url, route.url FROM route WHERE route.url='de.png' LIMIT 1 [] []
[2018-01-29 18:11:08] defaultLogger.INFO: SELECT route.id, route.entity_id, route.type, route.parent_url, route.url FROM route WHERE route.url='en.png' LIMIT 1 [] []
[2018-01-29 18:11:08] defaultLogger.INFO: SELECT route.id, route.entity_id, route.type, route.parent_url, route.url FROM route WHERE route.url='progress-bar.gif' LIMIT 1 [] []
[2018-01-29 18:11:09] defaultLogger.INFO: SELECT route.id, route.entity_id, route.type, route.parent_url, route.url FROM route WHERE route.url='img-2.jpg' LIMIT 1 [] []
[2018-01-29 18:11:10] defaultLogger.INFO: SELECT route.id, route.entity_id, route.type, route.parent_url, route.url FROM route WHERE route.url='progress-bar.gif' LIMIT 1 [] []
[2018-01-29 18:11:11] defaultLogger.INFO: SELECT route.id, route.entity_id, route.type, route.parent_url, route.url FROM route WHERE route.url='img-2.jpg' LIMIT 1 [] []
[2018-01-29 18:11:11] defaultLogger.INFO: SELECT route.id, route.entity_id, route.type, route.parent_url, route.url FROM route WHERE route.url='en.png' LIMIT 1 [] []
[2018-01-29 18:11:11] defaultLogger.INFO: SELECT route.id, route.entity_id, route.type, route.parent_url, route.url FROM route WHERE route.url='de.png' LIMIT 1 [] []
[2018-01-29 18:12:33] defaultLogger.INFO: SELECT route.id, route.entity_id, route.type, route.parent_url, route.url FROM route WHERE route.url='progress-bar.gif' LIMIT 1 [] []
[2018-01-29 18:12:33] defaultLogger.INFO: SELECT route.id, route.entity_id, route.type, route.parent_url, route.url FROM route WHERE route.url='en.png' LIMIT 1 [] []
[2018-01-29 18:12:34] defaultLogger.INFO: SELECT route.id, route.entity_id, route.type, route.parent_url, route.url FROM route WHERE route.url='de.png' LIMIT 1 [] []
[2018-01-29 18:12:34] defaultLogger.INFO: SELECT route.id, route.entity_id, route.type, route.parent_url, route.url FROM route WHERE route.url='img-2.jpg' LIMIT 1 [] []
[2018-01-29 18:12:35] defaultLogger.INFO: SELECT route.id, route.entity_id, route.type, route.parent_url, route.url FROM route WHERE route.url='img-2.jpg' LIMIT 1 [] []
[2018-01-29 18:12:36] defaultLogger.INFO: SELECT route.id, route.entity_id, route.type, route.parent_url, route.url FROM route WHERE route.url='progress-bar.gif' LIMIT 1 [] []
[2018-01-29 18:12:36] defaultLogger.INFO: SELECT route.id, route.entity_id, route.type, route.parent_url, route.url FROM route WHERE route.url='de.png' LIMIT 1 [] []
[2018-01-29 18:12:36] defaultLogger.INFO: SELECT route.id, route.entity_id, route.type, route.parent_url, route.url FROM route WHERE route.url='en.png' LIMIT 1 [] []
[2018-01-29 18:12:38] defaultLogger.INFO: SELECT route.id, route.entity_id, route.type, route.parent_url, route.url FROM route WHERE route.url='progress-bar.gif' LIMIT 1 [] []
[2018-01-29 18:12:38] defaultLogger.INFO: SELECT route.id, route.entity_id, route.type, route.parent_url, route.url FROM route WHERE route.url='de.png' LIMIT 1 [] []
[2018-01-29 18:12:39] defaultLogger.INFO: SELECT route.id, route.entity_id, route.type, route.parent_url, route.url FROM route WHERE route.url='en.png' LIMIT 1 [] []
[2018-01-29 18:12:39] defaultLogger.INFO: SELECT route.id, route.entity_id, route.type, route.parent_url, route.url FROM route WHERE route.url='img-2.jpg' LIMIT 1 [] []
[2018-01-29 18:13:00] defaultLogger.INFO: SELECT route.id, route.entity_id, route.type, route.parent_url, route.url FROM route WHERE route.url='progress-bar.gif' LIMIT 1 [] []
[2018-01-29 18:13:00] defaultLogger.INFO: SELECT route.id, route.entity_id, route.type, route.parent_url, route.url FROM route WHERE route.url='img-2.jpg' LIMIT 1 [] []
[2018-01-29 18:13:00] defaultLogger.INFO: SELECT route.id, route.entity_id, route.type, route.parent_url, route.url FROM route WHERE route.url='de.png' LIMIT 1 [] []
[2018-01-29 18:13:00] defaultLogger.INFO: SELECT route.id, route.entity_id, route.type, route.parent_url, route.url FROM route WHERE route.url='en.png' LIMIT 1 [] []
[2018-01-29 18:13:02] defaultLogger.INFO: SELECT route.id, route.entity_id, route.type, route.parent_url, route.url FROM route WHERE route.url='img-2.jpg' LIMIT 1 [] []
[2018-01-29 18:13:02] defaultLogger.INFO: SELECT route.id, route.entity_id, route.type, route.parent_url, route.url FROM route WHERE route.url='progress-bar.gif' LIMIT 1 [] []
[2018-01-29 18:13:02] defaultLogger.INFO: SELECT route.id, route.entity_id, route.type, route.parent_url, route.url FROM route WHERE route.url='de.png' LIMIT 1 [] []
[2018-01-29 18:13:02] defaultLogger.INFO: SELECT route.id, route.entity_id, route.type, route.parent_url, route.url FROM route WHERE route.url='en.png' LIMIT 1 [] []
[2018-01-29 18:13:04] defaultLogger.INFO: SELECT route.id, route.entity_id, route.type, route.parent_url, route.url FROM route WHERE route.url='img-2.jpg' LIMIT 1 [] []
[2018-01-29 18:13:04] defaultLogger.INFO: SELECT route.id, route.entity_id, route.type, route.parent_url, route.url FROM route WHERE route.url='progress-bar.gif' LIMIT 1 [] []
[2018-01-29 18:13:04] defaultLogger.INFO: SELECT route.id, route.entity_id, route.type, route.parent_url, route.url FROM route WHERE route.url='de.png' LIMIT 1 [] []
[2018-01-29 18:13:04] defaultLogger.INFO: SELECT route.id, route.entity_id, route.type, route.parent_url, route.url FROM route WHERE route.url='en.png' LIMIT 1 [] []
[2018-01-29 18:13:27] defaultLogger.INFO: SELECT route.id, route.entity_id, route.type, route.parent_url, route.url FROM route WHERE route.url='progress-bar.gif' LIMIT 1 [] []
[2018-01-29 18:13:27] defaultLogger.INFO: SELECT route.id, route.entity_id, route.type, route.parent_url, route.url FROM route WHERE route.url='img-2.jpg' LIMIT 1 [] []
[2018-01-29 18:13:27] defaultLogger.INFO: SELECT route.id, route.entity_id, route.type, route.parent_url, route.url FROM route WHERE route.url='de.png' LIMIT 1 [] []
[2018-01-29 18:13:27] defaultLogger.INFO: SELECT route.id, route.entity_id, route.type, route.parent_url, route.url FROM route WHERE route.url='en.png' LIMIT 1 [] []
