[2018-02-13 00:29:28] defaultLogger.INFO: SELECT route.id, route.entity_id, route.type, route.parent_url, route.url FROM route WHERE route.url='upload' LIMIT 1 [] []
[2018-02-13 00:29:31] defaultLogger.INFO: SELECT route.id, route.entity_id, route.type, route.parent_url, route.url FROM route WHERE route.url='upload' LIMIT 1 [] []
[2018-02-13 00:29:38] defaultLogger.INFO: SELECT route.id, route.entity_id, route.type, route.parent_url, route.url FROM route WHERE route.url='upload' LIMIT 1 [] []
[2018-02-13 00:29:38] defaultLogger.INFO: SELECT route.id, route.entity_id, route.type, route.parent_url, route.url FROM route WHERE route.url='upload' LIMIT 1 [] []
[2018-02-13 00:29:39] defaultLogger.INFO: SELECT route.id, route.entity_id, route.type, route.parent_url, route.url FROM route WHERE route.url='upload' LIMIT 1 [] []
[2018-02-13 00:29:39] defaultLogger.INFO: SELECT route.id, route.entity_id, route.type, route.parent_url, route.url FROM route WHERE route.url='upload' LIMIT 1 [] []
[2018-02-13 00:29:52] defaultLogger.INFO: SELECT route.id, route.entity_id, route.type, route.parent_url, route.url FROM route WHERE route.url='upload' LIMIT 1 [] []
[2018-02-13 00:29:53] defaultLogger.INFO: SELECT route.id, route.entity_id, route.type, route.parent_url, route.url FROM route WHERE route.url='upload' LIMIT 1 [] []
[2018-02-13 00:30:09] defaultLogger.INFO: SELECT route.id, route.entity_id, route.type, route.parent_url, route.url FROM route WHERE route.url='upload' LIMIT 1 [] []
[2018-02-13 00:30:27] defaultLogger.INFO: SELECT route.id, route.entity_id, route.type, route.parent_url, route.url FROM route WHERE route.url='upload' LIMIT 1 [] []
[2018-02-13 00:30:35] defaultLogger.INFO: SELECT route.id, route.entity_id, route.type, route.parent_url, route.url FROM route WHERE route.url='upload' LIMIT 1 [] []
[2018-02-13 00:30:37] defaultLogger.INFO: SELECT route.id, route.entity_id, route.type, route.parent_url, route.url FROM route WHERE route.url='upload' LIMIT 1 [] []
[2018-02-13 09:26:03] defaultLogger.INFO: SELECT route.id, route.entity_id, route.type, route.parent_url, route.url FROM route WHERE route.url='upload' LIMIT 1 [] []
[2018-02-13 09:26:15] defaultLogger.INFO: SELECT route.id, route.entity_id, route.type, route.parent_url, route.url FROM route WHERE route.url='upload' LIMIT 1 [] []
[2018-02-13 09:26:50] defaultLogger.INFO: SELECT route.id, route.entity_id, route.type, route.parent_url, route.url FROM route WHERE route.type='page' AND route.entity_id='39' LIMIT 1 [] []
[2018-02-13 09:48:35] defaultLogger.INFO: SELECT route.id, route.entity_id, route.type, route.parent_url, route.url FROM route WHERE route.url='upload' LIMIT 1 [] []
[2018-02-13 09:48:48] defaultLogger.INFO: SELECT route.id, route.entity_id, route.type, route.parent_url, route.url FROM route WHERE route.type='page' AND route.entity_id='39' LIMIT 1 [] []
[2018-02-13 09:57:04] defaultLogger.INFO: SELECT route.id, route.entity_id, route.type, route.parent_url, route.url FROM route WHERE route.url='avto11.jpg' LIMIT 1 [] []
[2018-02-13 09:57:25] defaultLogger.INFO: SELECT route.id, route.entity_id, route.type, route.parent_url, route.url FROM route WHERE route.url='upload' LIMIT 1 [] []
[2018-02-13 09:57:28] defaultLogger.INFO: SELECT route.id, route.entity_id, route.type, route.parent_url, route.url FROM route WHERE route.url='upload' LIMIT 1 [] []
[2018-02-13 09:57:29] defaultLogger.INFO: SELECT route.id, route.entity_id, route.type, route.parent_url, route.url FROM route WHERE route.url='upload' LIMIT 1 [] []
[2018-02-13 09:57:29] defaultLogger.INFO: SELECT route.id, route.entity_id, route.type, route.parent_url, route.url FROM route WHERE route.url='upload' LIMIT 1 [] []
[2018-02-13 09:57:29] defaultLogger.INFO: SELECT route.id, route.entity_id, route.type, route.parent_url, route.url FROM route WHERE route.url='upload' LIMIT 1 [] []
[2018-02-13 09:57:31] defaultLogger.INFO: SELECT route.id, route.entity_id, route.type, route.parent_url, route.url FROM route WHERE route.type='page' AND route.entity_id='39' LIMIT 1 [] []
[2018-02-13 09:57:36] defaultLogger.INFO: SELECT route.id, route.entity_id, route.type, route.parent_url, route.url FROM route WHERE route.url='64bd706fd49a8770a0e28259a03ad58b.jpg' LIMIT 1 [] []
[2018-02-13 09:58:05] defaultLogger.INFO: SELECT route.id, route.entity_id, route.type, route.parent_url, route.url FROM route WHERE route.url='131.jpg' LIMIT 1 [] []
[2018-02-13 09:58:32] defaultLogger.INFO: SELECT route.id, route.entity_id, route.type, route.parent_url, route.url FROM route WHERE route.url='upload' LIMIT 1 [] []
[2018-02-13 09:58:40] defaultLogger.INFO: SELECT route.id, route.entity_id, route.type, route.parent_url, route.url FROM route WHERE route.type='page' AND route.entity_id='39' LIMIT 1 [] []
[2018-02-13 09:59:42] defaultLogger.INFO: SELECT route.id, route.entity_id, route.type, route.parent_url, route.url FROM route WHERE route.url='2.jpg' LIMIT 1 [] []
[2018-02-13 10:01:07] defaultLogger.INFO: SELECT route.id, route.entity_id, route.type, route.parent_url, route.url FROM route WHERE route.url='2.jpg' LIMIT 1 [] []
[2018-02-13 10:01:09] defaultLogger.INFO: SELECT route.id, route.entity_id, route.type, route.parent_url, route.url FROM route WHERE route.type='page' AND route.entity_id='39' LIMIT 1 [] []
[2018-02-13 10:01:31] defaultLogger.INFO: SELECT route.id, route.entity_id, route.type, route.parent_url, route.url FROM route WHERE route.url='del_image' LIMIT 1 [] []
[2018-02-13 10:01:35] defaultLogger.INFO: SELECT route.id, route.entity_id, route.type, route.parent_url, route.url FROM route WHERE route.url='131.jpg' LIMIT 1 [] []
[2018-02-13 10:01:37] defaultLogger.INFO: SELECT route.id, route.entity_id, route.type, route.parent_url, route.url FROM route WHERE route.type='page' AND route.entity_id='39' LIMIT 1 [] []
[2018-02-13 10:02:53] defaultLogger.INFO: SELECT route.id, route.entity_id, route.type, route.parent_url, route.url FROM route WHERE route.url='del_image' LIMIT 1 [] []
[2018-02-13 10:04:34] defaultLogger.INFO: SELECT route.id, route.entity_id, route.type, route.parent_url, route.url FROM route WHERE route.url='del_image' LIMIT 1 [] []
[2018-02-13 10:04:36] defaultLogger.INFO: SELECT route.id, route.entity_id, route.type, route.parent_url, route.url FROM route WHERE route.type='page' AND route.entity_id='39' LIMIT 1 [] []
[2018-02-13 10:04:41] defaultLogger.INFO: SELECT route.id, route.entity_id, route.type, route.parent_url, route.url FROM route WHERE route.url='del_image' LIMIT 1 [] []
[2018-02-13 10:04:47] defaultLogger.INFO: SELECT route.id, route.entity_id, route.type, route.parent_url, route.url FROM route WHERE route.url='del_image' LIMIT 1 [] []
[2018-02-13 10:04:50] defaultLogger.INFO: SELECT route.id, route.entity_id, route.type, route.parent_url, route.url FROM route WHERE route.type='page' AND route.entity_id='39' LIMIT 1 [] []
[2018-02-13 10:12:49] defaultLogger.INFO: SELECT route.id, route.entity_id, route.type, route.parent_url, route.url FROM route WHERE route.url='132.jpg' LIMIT 1 [] []
[2018-02-13 10:13:21] defaultLogger.INFO: SELECT route.id, route.entity_id, route.type, route.parent_url, route.url FROM route WHERE route.url='upload' LIMIT 1 [] []
[2018-02-13 10:13:25] defaultLogger.INFO: SELECT route.id, route.entity_id, route.type, route.parent_url, route.url FROM route WHERE route.type='page' AND route.entity_id='39' LIMIT 1 [] []
[2018-02-13 10:13:31] defaultLogger.INFO: SELECT route.id, route.entity_id, route.type, route.parent_url, route.url FROM route WHERE route.url='1111.jpg' LIMIT 1 [] []
[2018-02-13 10:13:34] defaultLogger.INFO: SELECT route.id, route.entity_id, route.type, route.parent_url, route.url FROM route WHERE route.url='133.jpg' LIMIT 1 [] []
[2018-02-13 10:13:36] defaultLogger.INFO: SELECT route.id, route.entity_id, route.type, route.parent_url, route.url FROM route WHERE route.type='page' AND route.entity_id='39' LIMIT 1 [] []
[2018-02-13 10:13:44] defaultLogger.INFO: SELECT route.id, route.entity_id, route.type, route.parent_url, route.url FROM route WHERE route.type='page' AND route.entity_id='39' LIMIT 1 [] []
[2018-02-13 11:52:21] defaultLogger.INFO: SELECT route.id, route.entity_id, route.type, route.parent_url, route.url FROM route WHERE route.url='8619-slide-2-1_1360_auto.jpg' LIMIT 1 [] []
[2018-02-13 11:52:22] defaultLogger.INFO: SELECT route.id, route.entity_id, route.type, route.parent_url, route.url FROM route WHERE route.url='newnum' LIMIT 1 [] []
[2018-02-13 11:52:31] defaultLogger.INFO: SELECT route.id, route.entity_id, route.type, route.parent_url, route.url FROM route WHERE route.url='shlamoviye-nasosy' LIMIT 1 [] []
[2018-02-13 11:52:31] defaultLogger.INFO: SELECT route.id, route.entity_id, route.type, route.parent_url, route.url FROM route WHERE route.entity_id='34' AND route.type='category' LIMIT 1 [] []
[2018-02-13 11:52:31] defaultLogger.INFO: SELECT route.id, route.entity_id, route.type, route.parent_url, route.url FROM route WHERE route.url IN ('catalog') ORDER BY route.parent_url ASC [] []
[2018-02-13 11:52:32] defaultLogger.INFO: SELECT route.id, route.entity_id, route.type, route.parent_url, route.url FROM route WHERE route.url='newnum' LIMIT 1 [] []
[2018-02-13 11:52:34] defaultLogger.INFO: SELECT route.id, route.entity_id, route.type, route.parent_url, route.url FROM route WHERE route.url='pumps' LIMIT 1 [] []
[2018-02-13 11:52:35] defaultLogger.INFO: SELECT route.id, route.entity_id, route.type, route.parent_url, route.url FROM route WHERE route.url='newnum' LIMIT 1 [] []
[2018-02-13 11:52:36] defaultLogger.INFO: SELECT route.id, route.entity_id, route.type, route.parent_url, route.url FROM route WHERE route.url='shlamoviye-nasosy' LIMIT 1 [] []
[2018-02-13 11:52:36] defaultLogger.INFO: SELECT route.id, route.entity_id, route.type, route.parent_url, route.url FROM route WHERE route.entity_id='34' AND route.type='category' LIMIT 1 [] []
[2018-02-13 11:52:36] defaultLogger.INFO: SELECT route.id, route.entity_id, route.type, route.parent_url, route.url FROM route WHERE route.url IN ('catalog') ORDER BY route.parent_url ASC [] []
[2018-02-13 11:52:36] defaultLogger.INFO: SELECT route.id, route.entity_id, route.type, route.parent_url, route.url FROM route WHERE route.url='newnum' LIMIT 1 [] []
[2018-02-13 11:52:45] defaultLogger.INFO: SELECT route.id, route.entity_id, route.type, route.parent_url, route.url FROM route WHERE route.url='8619-slide-2-1_1360_auto.jpg' LIMIT 1 [] []
[2018-02-13 11:52:45] defaultLogger.INFO: SELECT route.id, route.entity_id, route.type, route.parent_url, route.url FROM route WHERE route.url='newnum' LIMIT 1 [] []
[2018-02-13 11:52:48] defaultLogger.INFO: SELECT route.id, route.entity_id, route.type, route.parent_url, route.url FROM route WHERE route.url='spares' LIMIT 1 [] []
[2018-02-13 11:52:48] defaultLogger.INFO: SELECT route.id, route.entity_id, route.type, route.parent_url, route.url FROM route WHERE route.entity_id='12' AND route.type='category' LIMIT 1 [] []
[2018-02-13 11:52:48] defaultLogger.INFO: SELECT route.id, route.entity_id, route.type, route.parent_url, route.url FROM route WHERE route.url IN ('service') ORDER BY route.parent_url ASC [] []
[2018-02-13 11:52:48] defaultLogger.INFO: SELECT route.id, route.entity_id, route.type, route.parent_url, route.url FROM route WHERE route.url='newnum' LIMIT 1 [] []
[2018-02-13 11:52:50] defaultLogger.INFO: SELECT route.id, route.entity_id, route.type, route.parent_url, route.url FROM route WHERE route.url='rastvoronasosy1518444626' LIMIT 1 [] []
[2018-02-13 11:52:50] defaultLogger.INFO: SELECT route.id, route.entity_id, route.type, route.parent_url, route.url FROM route WHERE route.entity_id='40' AND route.type='category' LIMIT 1 [] []
[2018-02-13 11:52:50] defaultLogger.INFO: SELECT route.id, route.entity_id, route.type, route.parent_url, route.url FROM route WHERE route.url IN ('service','spares') ORDER BY route.parent_url ASC [] []
[2018-02-13 11:52:50] defaultLogger.INFO: SELECT route.id, route.entity_id, route.type, route.parent_url, route.url FROM route WHERE route.url='newnum' LIMIT 1 [] []
[2018-02-13 11:52:53] defaultLogger.INFO: SELECT route.id, route.entity_id, route.type, route.parent_url, route.url FROM route WHERE route.url='spares' LIMIT 1 [] []
[2018-02-13 11:52:53] defaultLogger.INFO: SELECT route.id, route.entity_id, route.type, route.parent_url, route.url FROM route WHERE route.entity_id='12' AND route.type='category' LIMIT 1 [] []
[2018-02-13 11:52:53] defaultLogger.INFO: SELECT route.id, route.entity_id, route.type, route.parent_url, route.url FROM route WHERE route.url IN ('service') ORDER BY route.parent_url ASC [] []
[2018-02-13 11:52:53] defaultLogger.INFO: SELECT route.id, route.entity_id, route.type, route.parent_url, route.url FROM route WHERE route.url='newnum' LIMIT 1 [] []
[2018-02-13 11:52:54] defaultLogger.INFO: SELECT route.id, route.entity_id, route.type, route.parent_url, route.url FROM route WHERE route.url='spares_betononasosy' LIMIT 1 [] []
[2018-02-13 11:52:54] defaultLogger.INFO: SELECT route.id, route.entity_id, route.type, route.parent_url, route.url FROM route WHERE route.entity_id='39' AND route.type='category' LIMIT 1 [] []
[2018-02-13 11:52:54] defaultLogger.INFO: SELECT route.id, route.entity_id, route.type, route.parent_url, route.url FROM route WHERE route.url IN ('service','spares') ORDER BY route.parent_url ASC [] []
[2018-02-13 11:52:54] defaultLogger.INFO: SELECT route.id, route.entity_id, route.type, route.parent_url, route.url FROM route WHERE route.url='newnum' LIMIT 1 [] []
[2018-02-13 11:52:57] defaultLogger.INFO: SELECT route.id, route.entity_id, route.type, route.parent_url, route.url FROM route WHERE route.url='truba_betonovoda_l3000_mm_sk_125_55_st_52_germaniya' LIMIT 1 [] []
[2018-02-13 11:52:57] defaultLogger.INFO: SELECT route.id, route.entity_id, route.type, route.parent_url, route.url FROM route WHERE route.entity_id='41' AND route.type='category' LIMIT 1 [] []
[2018-02-13 11:52:57] defaultLogger.INFO: SELECT route.id, route.entity_id, route.type, route.parent_url, route.url FROM route WHERE route.url IN ('service','spares','spares_betononasosy') ORDER BY route.parent_url ASC [] []
[2018-02-13 11:52:57] defaultLogger.INFO: SELECT route.id, route.entity_id, route.type, route.parent_url, route.url FROM route WHERE route.url='newnum' LIMIT 1 [] []
[2018-02-13 12:31:24] defaultLogger.INFO: SELECT route.id, route.entity_id, route.type, route.parent_url, route.url FROM route WHERE route.url='spares' LIMIT 1 [] []
[2018-02-13 12:31:24] defaultLogger.INFO: SELECT route.id, route.entity_id, route.type, route.parent_url, route.url FROM route WHERE route.entity_id='12' AND route.type='category' LIMIT 1 [] []
[2018-02-13 12:31:24] defaultLogger.INFO: SELECT route.id, route.entity_id, route.type, route.parent_url, route.url FROM route WHERE route.url IN ('service') ORDER BY route.parent_url ASC [] []
[2018-02-13 12:31:25] defaultLogger.INFO: SELECT route.id, route.entity_id, route.type, route.parent_url, route.url FROM route WHERE route.url='newnum' LIMIT 1 [] []
[2018-02-13 12:31:27] defaultLogger.INFO: SELECT route.id, route.entity_id, route.type, route.parent_url, route.url FROM route WHERE route.url='spares_betononasosy' LIMIT 1 [] []
[2018-02-13 12:31:27] defaultLogger.INFO: SELECT route.id, route.entity_id, route.type, route.parent_url, route.url FROM route WHERE route.entity_id='39' AND route.type='category' LIMIT 1 [] []
[2018-02-13 12:31:27] defaultLogger.INFO: SELECT route.id, route.entity_id, route.type, route.parent_url, route.url FROM route WHERE route.url IN ('service','spares') ORDER BY route.parent_url ASC [] []
[2018-02-13 12:31:27] defaultLogger.INFO: SELECT route.id, route.entity_id, route.type, route.parent_url, route.url FROM route WHERE route.url='newnum' LIMIT 1 [] []
[2018-02-13 12:31:30] defaultLogger.INFO: SELECT route.id, route.entity_id, route.type, route.parent_url, route.url FROM route WHERE route.url='spares_betononasosy' LIMIT 1 [] []
[2018-02-13 12:31:30] defaultLogger.INFO: SELECT route.id, route.entity_id, route.type, route.parent_url, route.url FROM route WHERE route.entity_id='39' AND route.type='category' LIMIT 1 [] []
[2018-02-13 12:31:30] defaultLogger.INFO: SELECT route.id, route.entity_id, route.type, route.parent_url, route.url FROM route WHERE route.url IN ('service','spares') ORDER BY route.parent_url ASC [] []
[2018-02-13 12:31:31] defaultLogger.INFO: SELECT route.id, route.entity_id, route.type, route.parent_url, route.url FROM route WHERE route.url='newnum' LIMIT 1 [] []
[2018-02-13 12:31:41] defaultLogger.INFO: SELECT route.id, route.entity_id, route.type, route.parent_url, route.url FROM route WHERE route.url='spares' LIMIT 1 [] []
[2018-02-13 12:31:41] defaultLogger.INFO: SELECT route.id, route.entity_id, route.type, route.parent_url, route.url FROM route WHERE route.entity_id='12' AND route.type='category' LIMIT 1 [] []
[2018-02-13 12:31:41] defaultLogger.INFO: SELECT route.id, route.entity_id, route.type, route.parent_url, route.url FROM route WHERE route.url IN ('service') ORDER BY route.parent_url ASC [] []
[2018-02-13 12:31:42] defaultLogger.INFO: SELECT route.id, route.entity_id, route.type, route.parent_url, route.url FROM route WHERE route.url='newnum' LIMIT 1 [] []
[2018-02-13 12:31:43] defaultLogger.INFO: SELECT route.id, route.entity_id, route.type, route.parent_url, route.url FROM route WHERE route.url='rastvoronasosy1518444626' LIMIT 1 [] []
[2018-02-13 12:31:43] defaultLogger.INFO: SELECT route.id, route.entity_id, route.type, route.parent_url, route.url FROM route WHERE route.entity_id='40' AND route.type='category' LIMIT 1 [] []
[2018-02-13 12:31:43] defaultLogger.INFO: SELECT route.id, route.entity_id, route.type, route.parent_url, route.url FROM route WHERE route.url IN ('service','spares') ORDER BY route.parent_url ASC [] []
[2018-02-13 12:31:43] defaultLogger.INFO: SELECT route.id, route.entity_id, route.type, route.parent_url, route.url FROM route WHERE route.url='newnum' LIMIT 1 [] []
[2018-02-13 12:31:45] defaultLogger.INFO: SELECT route.id, route.entity_id, route.type, route.parent_url, route.url FROM route WHERE route.url='spares' LIMIT 1 [] []
[2018-02-13 12:31:45] defaultLogger.INFO: SELECT route.id, route.entity_id, route.type, route.parent_url, route.url FROM route WHERE route.entity_id='12' AND route.type='category' LIMIT 1 [] []
[2018-02-13 12:31:45] defaultLogger.INFO: SELECT route.id, route.entity_id, route.type, route.parent_url, route.url FROM route WHERE route.url IN ('service') ORDER BY route.parent_url ASC [] []
[2018-02-13 12:31:45] defaultLogger.INFO: SELECT route.id, route.entity_id, route.type, route.parent_url, route.url FROM route WHERE route.url='newnum' LIMIT 1 [] []
[2018-02-13 12:31:54] defaultLogger.INFO: SELECT route.id, route.entity_id, route.type, route.parent_url, route.url FROM route WHERE route.url='truba_betonovoda_l3000_mm_sk_125_55_st_52_germaniya' LIMIT 1 [] []
[2018-02-13 12:31:54] defaultLogger.INFO: SELECT route.id, route.entity_id, route.type, route.parent_url, route.url FROM route WHERE route.entity_id='41' AND route.type='category' LIMIT 1 [] []
[2018-02-13 12:31:54] defaultLogger.INFO: SELECT route.id, route.entity_id, route.type, route.parent_url, route.url FROM route WHERE route.url IN ('service','spares','spares_betononasosy') ORDER BY route.parent_url ASC [] []
[2018-02-13 12:31:55] defaultLogger.INFO: SELECT route.id, route.entity_id, route.type, route.parent_url, route.url FROM route WHERE route.url='newnum' LIMIT 1 [] []
[2018-02-13 13:05:46] defaultLogger.INFO: SELECT route.id, route.entity_id, route.type, route.parent_url, route.url FROM route WHERE route.url='8619-slide-2-1_1360_auto.jpg' LIMIT 1 [] []
[2018-02-13 13:05:46] defaultLogger.INFO: SELECT route.id, route.entity_id, route.type, route.parent_url, route.url FROM route WHERE route.url='newnum' LIMIT 1 [] []
[2018-02-13 13:05:55] defaultLogger.INFO: SELECT route.id, route.entity_id, route.type, route.parent_url, route.url FROM route WHERE route.url='sfery-primeneniia' LIMIT 1 [] []
[2018-02-13 13:05:55] defaultLogger.INFO: SELECT route.id, route.entity_id, route.type, route.parent_url, route.url FROM route WHERE route.url='newnum' LIMIT 1 [] []
[2018-02-13 13:05:57] defaultLogger.INFO: SELECT route.id, route.entity_id, route.type, route.parent_url, route.url FROM route WHERE route.url='service' LIMIT 1 [] []
[2018-02-13 13:05:57] defaultLogger.INFO: SELECT route.id, route.entity_id, route.type, route.parent_url, route.url FROM route WHERE route.entity_id='3' AND route.type='category' LIMIT 1 [] []
[2018-02-13 13:05:57] defaultLogger.INFO: SELECT route.id, route.entity_id, route.type, route.parent_url, route.url FROM route WHERE route.url='newnum' LIMIT 1 [] []
[2018-02-13 13:05:58] defaultLogger.INFO: SELECT route.id, route.entity_id, route.type, route.parent_url, route.url FROM route WHERE route.url='documentation' LIMIT 1 [] []
[2018-02-13 13:05:58] defaultLogger.INFO: SELECT route.id, route.entity_id, route.type, route.parent_url, route.url FROM route WHERE route.entity_id='3' AND route.type='category' LIMIT 1 [] []
[2018-02-13 13:05:59] defaultLogger.INFO: SELECT route.id, route.entity_id, route.type, route.parent_url, route.url FROM route WHERE route.url='newnum' LIMIT 1 [] []
[2018-02-13 13:06:04] defaultLogger.INFO: SELECT route.id, route.entity_id, route.type, route.parent_url, route.url FROM route WHERE route.url='arenda' LIMIT 1 [] []
[2018-02-13 13:06:04] defaultLogger.INFO: SELECT route.id, route.entity_id, route.type, route.parent_url, route.url FROM route WHERE route.url='newnum' LIMIT 1 [] []
[2018-02-13 13:06:05] defaultLogger.INFO: SELECT route.id, route.entity_id, route.type, route.parent_url, route.url FROM route WHERE route.url='8619-slide-2-1_1360_auto.jpg' LIMIT 1 [] []
[2018-02-13 13:06:05] defaultLogger.INFO: SELECT route.id, route.entity_id, route.type, route.parent_url, route.url FROM route WHERE route.url='newnum' LIMIT 1 [] []
[2018-02-13 14:20:22] defaultLogger.INFO: SELECT route.id, route.entity_id, route.type, route.parent_url, route.url FROM route WHERE route.url='8619-slide-2-1_1360_auto.jpg' LIMIT 1 [] []
[2018-02-13 14:23:32] defaultLogger.INFO: SELECT route.id, route.entity_id, route.type, route.parent_url, route.url FROM route WHERE route.url='8619-slide-2-1_1360_auto.jpg' LIMIT 1 [] []
[2018-02-13 14:23:32] defaultLogger.INFO: SELECT route.id, route.entity_id, route.type, route.parent_url, route.url FROM route WHERE route.url='newnum' LIMIT 1 [] []
[2018-02-13 14:23:51] defaultLogger.INFO: SELECT route.id, route.entity_id, route.type, route.parent_url, route.url FROM route WHERE route.url='8619-slide-2-1_1360_auto.jpg' LIMIT 1 [] []
[2018-02-13 14:23:51] defaultLogger.INFO: SELECT route.id, route.entity_id, route.type, route.parent_url, route.url FROM route WHERE route.url='newnum' LIMIT 1 [] []
[2018-02-13 14:39:00] defaultLogger.INFO: SELECT route.id, route.entity_id, route.type, route.parent_url, route.url FROM route WHERE route.url='pages' LIMIT 1 [] []
[2018-02-13 14:39:25] defaultLogger.INFO: SELECT route.id, route.entity_id, route.type, route.parent_url, route.url FROM route WHERE route.url='pages' LIMIT 1 [] []
[2018-02-13 14:39:41] defaultLogger.INFO: SELECT route.id, route.entity_id, route.type, route.parent_url, route.url FROM route WHERE route.url='pages' LIMIT 1 [] []
[2018-02-13 14:44:44] defaultLogger.INFO: SELECT route.id, route.entity_id, route.type, route.parent_url, route.url FROM route WHERE route.url='pages' LIMIT 1 [] []
[2018-02-13 14:44:56] defaultLogger.INFO: SELECT route.id, route.entity_id, route.type, route.parent_url, route.url FROM route WHERE route.url='pages' LIMIT 1 [] []
[2018-02-13 14:45:53] defaultLogger.INFO: SELECT route.id, route.entity_id, route.type, route.parent_url, route.url FROM route WHERE route.url='pages' LIMIT 1 [] []
[2018-02-13 15:05:05] defaultLogger.INFO: SELECT route.id, route.entity_id, route.type, route.parent_url, route.url FROM route WHERE route.url='pages' LIMIT 1 [] []
[2018-02-13 15:05:20] defaultLogger.INFO: SELECT route.id, route.entity_id, route.type, route.parent_url, route.url FROM route WHERE route.url='pages' LIMIT 1 [] []
[2018-02-13 15:05:39] defaultLogger.INFO: SELECT route.id, route.entity_id, route.type, route.parent_url, route.url FROM route WHERE route.url='pages' LIMIT 1 [] []
[2018-02-13 15:06:25] defaultLogger.INFO: SELECT route.id, route.entity_id, route.type, route.parent_url, route.url FROM route WHERE route.url='pages' LIMIT 1 [] []
[2018-02-13 15:06:39] defaultLogger.INFO: SELECT route.id, route.entity_id, route.type, route.parent_url, route.url FROM route WHERE route.url='pages' LIMIT 1 [] []
[2018-02-13 15:06:50] defaultLogger.INFO: SELECT route.id, route.entity_id, route.type, route.parent_url, route.url FROM route WHERE route.url='pages' LIMIT 1 [] []
[2018-02-13 15:07:02] defaultLogger.INFO: SELECT route.id, route.entity_id, route.type, route.parent_url, route.url FROM route WHERE route.url='pages' LIMIT 1 [] []
[2018-02-13 15:07:17] defaultLogger.INFO: SELECT route.id, route.entity_id, route.type, route.parent_url, route.url FROM route WHERE route.url='pages' LIMIT 1 [] []
[2018-02-13 15:07:48] defaultLogger.INFO: SELECT route.id, route.entity_id, route.type, route.parent_url, route.url FROM route WHERE route.url='pages' LIMIT 1 [] []
[2018-02-13 15:08:05] defaultLogger.INFO: SELECT route.id, route.entity_id, route.type, route.parent_url, route.url FROM route WHERE route.url='pages' LIMIT 1 [] []
[2018-02-13 15:08:06] defaultLogger.INFO: SELECT route.id, route.entity_id, route.type, route.parent_url, route.url FROM route WHERE route.url='pages' LIMIT 1 [] []
[2018-02-13 15:08:16] defaultLogger.INFO: SELECT route.id, route.entity_id, route.type, route.parent_url, route.url FROM route WHERE route.url='pages' LIMIT 1 [] []
[2018-02-13 15:08:26] defaultLogger.INFO: SELECT route.id, route.entity_id, route.type, route.parent_url, route.url FROM route WHERE route.url='8619-slide-2-1_1360_auto.jpg' LIMIT 1 [] []
[2018-02-13 15:08:46] defaultLogger.INFO: SELECT route.id, route.entity_id, route.type, route.parent_url, route.url FROM route WHERE route.url='pages' LIMIT 1 [] []
[2018-02-13 15:22:03] defaultLogger.INFO: SELECT route.id, route.entity_id, route.type, route.parent_url, route.url FROM route WHERE route.url='pages' LIMIT 1 [] []
[2018-02-13 15:22:16] defaultLogger.INFO: SELECT route.id, route.entity_id, route.type, route.parent_url, route.url FROM route WHERE route.url='pages' LIMIT 1 [] []
[2018-02-13 15:22:33] defaultLogger.INFO: SELECT route.id, route.entity_id, route.type, route.parent_url, route.url FROM route WHERE route.url='pages' LIMIT 1 [] []
[2018-02-13 15:22:54] defaultLogger.INFO: SELECT route.id, route.entity_id, route.type, route.parent_url, route.url FROM route WHERE route.url='pages' LIMIT 1 [] []
[2018-02-13 15:23:26] defaultLogger.INFO: SELECT route.id, route.entity_id, route.type, route.parent_url, route.url FROM route WHERE route.url='pages' LIMIT 1 [] []
[2018-02-13 15:24:21] defaultLogger.INFO: SELECT route.id, route.entity_id, route.type, route.parent_url, route.url FROM route WHERE route.url='pages' LIMIT 1 [] []
[2018-02-13 15:24:31] defaultLogger.INFO: SELECT route.id, route.entity_id, route.type, route.parent_url, route.url FROM route WHERE route.url='pages' LIMIT 1 [] []
[2018-02-13 15:26:59] defaultLogger.INFO: SELECT route.id, route.entity_id, route.type, route.parent_url, route.url FROM route WHERE route.url='pages' LIMIT 1 [] []
[2018-02-13 15:27:32] defaultLogger.INFO: SELECT route.id, route.entity_id, route.type, route.parent_url, route.url FROM route WHERE route.url='pages' LIMIT 1 [] []
[2018-02-13 15:28:05] defaultLogger.INFO: SELECT route.id, route.entity_id, route.type, route.parent_url, route.url FROM route WHERE route.url='pages' LIMIT 1 [] []
[2018-02-13 15:28:32] defaultLogger.INFO: SELECT route.id, route.entity_id, route.type, route.parent_url, route.url FROM route WHERE route.url='pages' LIMIT 1 [] []
[2018-02-13 15:28:44] defaultLogger.INFO: SELECT route.id, route.entity_id, route.type, route.parent_url, route.url FROM route WHERE route.url='pages' LIMIT 1 [] []
[2018-02-13 15:28:53] defaultLogger.INFO: SELECT route.id, route.entity_id, route.type, route.parent_url, route.url FROM route WHERE route.url='pages' LIMIT 1 [] []
[2018-02-13 15:29:12] defaultLogger.INFO: SELECT route.id, route.entity_id, route.type, route.parent_url, route.url FROM route WHERE route.url='pages' LIMIT 1 [] []
[2018-02-13 15:29:18] defaultLogger.INFO: SELECT route.id, route.entity_id, route.type, route.parent_url, route.url FROM route WHERE route.url='pages' LIMIT 1 [] []
[2018-02-13 15:29:25] defaultLogger.INFO: SELECT route.id, route.entity_id, route.type, route.parent_url, route.url FROM route WHERE route.url='pages' LIMIT 1 [] []
[2018-02-13 15:29:37] defaultLogger.INFO: SELECT route.id, route.entity_id, route.type, route.parent_url, route.url FROM route WHERE route.url='pages' LIMIT 1 [] []
[2018-02-13 15:29:58] defaultLogger.INFO: SELECT route.id, route.entity_id, route.type, route.parent_url, route.url FROM route WHERE route.url='pages' LIMIT 1 [] []
[2018-02-13 15:30:37] defaultLogger.INFO: SELECT route.id, route.entity_id, route.type, route.parent_url, route.url FROM route WHERE route.url='pages' LIMIT 1 [] []
[2018-02-13 15:30:44] defaultLogger.INFO: SELECT route.id, route.entity_id, route.type, route.parent_url, route.url FROM route WHERE route.url='pages' LIMIT 1 [] []
[2018-02-13 15:30:45] defaultLogger.INFO: SELECT route.id, route.entity_id, route.type, route.parent_url, route.url FROM route WHERE route.url='pages' LIMIT 1 [] []
[2018-02-13 15:30:45] defaultLogger.INFO: SELECT route.id, route.entity_id, route.type, route.parent_url, route.url FROM route WHERE route.url='pages' LIMIT 1 [] []
[2018-02-13 15:30:46] defaultLogger.INFO: SELECT route.id, route.entity_id, route.type, route.parent_url, route.url FROM route WHERE route.url='pages' LIMIT 1 [] []
[2018-02-13 15:30:46] defaultLogger.INFO: SELECT route.id, route.entity_id, route.type, route.parent_url, route.url FROM route WHERE route.url='pages' LIMIT 1 [] []
[2018-02-13 15:30:46] defaultLogger.INFO: SELECT route.id, route.entity_id, route.type, route.parent_url, route.url FROM route WHERE route.url='pages' LIMIT 1 [] []
[2018-02-13 15:30:47] defaultLogger.INFO: SELECT route.id, route.entity_id, route.type, route.parent_url, route.url FROM route WHERE route.url='pages' LIMIT 1 [] []
[2018-02-13 15:30:47] defaultLogger.INFO: SELECT route.id, route.entity_id, route.type, route.parent_url, route.url FROM route WHERE route.url='pages' LIMIT 1 [] []
[2018-02-13 15:30:47] defaultLogger.INFO: SELECT route.id, route.entity_id, route.type, route.parent_url, route.url FROM route WHERE route.url='pages' LIMIT 1 [] []
[2018-02-13 15:30:54] defaultLogger.INFO: SELECT route.id, route.entity_id, route.type, route.parent_url, route.url FROM route WHERE route.url='pages' LIMIT 1 [] []
[2018-02-13 15:31:04] defaultLogger.INFO: SELECT route.id, route.entity_id, route.type, route.parent_url, route.url FROM route WHERE route.url='pages' LIMIT 1 [] []
[2018-02-13 15:31:14] defaultLogger.INFO: SELECT route.id, route.entity_id, route.type, route.parent_url, route.url FROM route WHERE route.url='pages' LIMIT 1 [] []
[2018-02-13 15:31:29] defaultLogger.INFO: SELECT route.id, route.entity_id, route.type, route.parent_url, route.url FROM route WHERE route.url='pages' LIMIT 1 [] []
[2018-02-13 15:31:34] defaultLogger.INFO: SELECT route.id, route.entity_id, route.type, route.parent_url, route.url FROM route WHERE route.url='pages' LIMIT 1 [] []
[2018-02-13 15:31:50] defaultLogger.INFO: SELECT route.id, route.entity_id, route.type, route.parent_url, route.url FROM route WHERE route.url='pages' LIMIT 1 [] []
[2018-02-13 15:32:40] defaultLogger.INFO: SELECT route.id, route.entity_id, route.type, route.parent_url, route.url FROM route WHERE route.url='pages' LIMIT 1 [] []
[2018-02-13 15:33:11] defaultLogger.INFO: SELECT route.id, route.entity_id, route.type, route.parent_url, route.url FROM route WHERE route.url='pages' LIMIT 1 [] []
[2018-02-13 15:33:59] defaultLogger.INFO: SELECT route.id, route.entity_id, route.type, route.parent_url, route.url FROM route WHERE route.url='pages' LIMIT 1 [] []
[2018-02-13 15:34:03] defaultLogger.INFO: SELECT route.id, route.entity_id, route.type, route.parent_url, route.url FROM route WHERE route.url='pages' LIMIT 1 [] []
[2018-02-13 15:34:07] defaultLogger.INFO: SELECT route.id, route.entity_id, route.type, route.parent_url, route.url FROM route WHERE route.url='pages' LIMIT 1 [] []
[2018-02-13 15:34:28] defaultLogger.INFO: SELECT route.id, route.entity_id, route.type, route.parent_url, route.url FROM route WHERE route.url='pages' LIMIT 1 [] []
[2018-02-13 15:34:40] defaultLogger.INFO: SELECT route.id, route.entity_id, route.type, route.parent_url, route.url FROM route WHERE route.url='pages' LIMIT 1 [] []
[2018-02-13 15:35:33] defaultLogger.INFO: SELECT route.id, route.entity_id, route.type, route.parent_url, route.url FROM route WHERE route.url='pages' LIMIT 1 [] []
[2018-02-13 15:35:33] defaultLogger.INFO: SELECT route.id, route.entity_id, route.type, route.parent_url, route.url FROM route WHERE route.url='pages' LIMIT 1 [] []
[2018-02-13 15:35:34] defaultLogger.INFO: SELECT route.id, route.entity_id, route.type, route.parent_url, route.url FROM route WHERE route.url='pages' LIMIT 1 [] []
[2018-02-13 15:35:34] defaultLogger.INFO: SELECT route.id, route.entity_id, route.type, route.parent_url, route.url FROM route WHERE route.url='pages' LIMIT 1 [] []
[2018-02-13 15:35:35] defaultLogger.INFO: SELECT route.id, route.entity_id, route.type, route.parent_url, route.url FROM route WHERE route.url='pages' LIMIT 1 [] []
[2018-02-13 15:35:35] defaultLogger.INFO: SELECT route.id, route.entity_id, route.type, route.parent_url, route.url FROM route WHERE route.url='pages' LIMIT 1 [] []
[2018-02-13 15:35:35] defaultLogger.INFO: SELECT route.id, route.entity_id, route.type, route.parent_url, route.url FROM route WHERE route.url='pages' LIMIT 1 [] []
[2018-02-13 15:35:36] defaultLogger.INFO: SELECT route.id, route.entity_id, route.type, route.parent_url, route.url FROM route WHERE route.url='pages' LIMIT 1 [] []
[2018-02-13 15:35:36] defaultLogger.INFO: SELECT route.id, route.entity_id, route.type, route.parent_url, route.url FROM route WHERE route.url='pages' LIMIT 1 [] []
[2018-02-13 15:35:36] defaultLogger.INFO: SELECT route.id, route.entity_id, route.type, route.parent_url, route.url FROM route WHERE route.url='pages' LIMIT 1 [] []
[2018-02-13 15:35:38] defaultLogger.INFO: SELECT route.id, route.entity_id, route.type, route.parent_url, route.url FROM route WHERE route.url='pages' LIMIT 1 [] []
[2018-02-13 15:36:02] defaultLogger.INFO: SELECT route.id, route.entity_id, route.type, route.parent_url, route.url FROM route WHERE route.url='pages' LIMIT 1 [] []
[2018-02-13 15:36:55] defaultLogger.INFO: SELECT route.id, route.entity_id, route.type, route.parent_url, route.url FROM route WHERE route.url='pages' LIMIT 1 [] []
[2018-02-13 15:36:56] defaultLogger.INFO: SELECT route.id, route.entity_id, route.type, route.parent_url, route.url FROM route WHERE route.url='pages' LIMIT 1 [] []
[2018-02-13 15:36:56] defaultLogger.INFO: SELECT route.id, route.entity_id, route.type, route.parent_url, route.url FROM route WHERE route.url='pages' LIMIT 1 [] []
[2018-02-13 15:37:02] defaultLogger.INFO: SELECT route.id, route.entity_id, route.type, route.parent_url, route.url FROM route WHERE route.url='pages' LIMIT 1 [] []
[2018-02-13 15:38:12] defaultLogger.INFO: SELECT route.id, route.entity_id, route.type, route.parent_url, route.url FROM route WHERE route.url='pages' LIMIT 1 [] []
[2018-02-13 15:38:42] defaultLogger.INFO: SELECT route.id, route.entity_id, route.type, route.parent_url, route.url FROM route WHERE route.url='pages' LIMIT 1 [] []
[2018-02-13 15:38:58] defaultLogger.INFO: SELECT route.id, route.entity_id, route.type, route.parent_url, route.url FROM route WHERE route.url='pages' LIMIT 1 [] []
[2018-02-13 15:39:03] defaultLogger.INFO: SELECT route.id, route.entity_id, route.type, route.parent_url, route.url FROM route WHERE route.url='pages' LIMIT 1 [] []
[2018-02-13 15:39:16] defaultLogger.INFO: SELECT route.id, route.entity_id, route.type, route.parent_url, route.url FROM route WHERE route.url='pages' LIMIT 1 [] []
[2018-02-13 15:39:17] defaultLogger.INFO: SELECT route.id, route.entity_id, route.type, route.parent_url, route.url FROM route WHERE route.url='pages' LIMIT 1 [] []
[2018-02-13 15:39:18] defaultLogger.INFO: SELECT route.id, route.entity_id, route.type, route.parent_url, route.url FROM route WHERE route.url='pages' LIMIT 1 [] []
[2018-02-13 15:39:19] defaultLogger.INFO: SELECT route.id, route.entity_id, route.type, route.parent_url, route.url FROM route WHERE route.url='pages' LIMIT 1 [] []
[2018-02-13 15:39:19] defaultLogger.INFO: SELECT route.id, route.entity_id, route.type, route.parent_url, route.url FROM route WHERE route.url='pages' LIMIT 1 [] []
[2018-02-13 15:39:19] defaultLogger.INFO: SELECT route.id, route.entity_id, route.type, route.parent_url, route.url FROM route WHERE route.url='pages' LIMIT 1 [] []
[2018-02-13 15:39:26] defaultLogger.INFO: SELECT route.id, route.entity_id, route.type, route.parent_url, route.url FROM route WHERE route.url='pages' LIMIT 1 [] []
[2018-02-13 15:39:35] defaultLogger.INFO: SELECT route.id, route.entity_id, route.type, route.parent_url, route.url FROM route WHERE route.url='pages' LIMIT 1 [] []
[2018-02-13 15:39:53] defaultLogger.INFO: SELECT route.id, route.entity_id, route.type, route.parent_url, route.url FROM route WHERE route.url='pages' LIMIT 1 [] []
[2018-02-13 16:00:08] defaultLogger.INFO: SELECT route.id, route.entity_id, route.type, route.parent_url, route.url FROM route WHERE route.url='pages' LIMIT 1 [] []
[2018-02-13 16:00:11] defaultLogger.INFO: SELECT route.id, route.entity_id, route.type, route.parent_url, route.url FROM route WHERE route.url='pages' LIMIT 1 [] []
[2018-02-13 16:00:12] defaultLogger.INFO: SELECT route.id, route.entity_id, route.type, route.parent_url, route.url FROM route WHERE route.url='pages' LIMIT 1 [] []
[2018-02-13 16:00:28] defaultLogger.INFO: SELECT route.id, route.entity_id, route.type, route.parent_url, route.url FROM route WHERE route.url='pages' LIMIT 1 [] []
[2018-02-13 16:00:39] defaultLogger.INFO: SELECT route.id, route.entity_id, route.type, route.parent_url, route.url FROM route WHERE route.url='pages' LIMIT 1 [] []
[2018-02-13 16:00:41] defaultLogger.INFO: SELECT route.id, route.entity_id, route.type, route.parent_url, route.url FROM route WHERE route.url='pages' LIMIT 1 [] []
[2018-02-13 16:00:48] defaultLogger.INFO: SELECT route.id, route.entity_id, route.type, route.parent_url, route.url FROM route WHERE route.url='8619-slide-2-1_1360_auto.jpg' LIMIT 1 [] []
[2018-02-13 16:00:48] defaultLogger.INFO: SELECT route.id, route.entity_id, route.type, route.parent_url, route.url FROM route WHERE route.url='newnum' LIMIT 1 [] []
[2018-02-13 16:00:58] defaultLogger.INFO: SELECT route.id, route.entity_id, route.type, route.parent_url, route.url FROM route WHERE route.url='pages' LIMIT 1 [] []
[2018-02-13 16:01:59] defaultLogger.INFO: SELECT route.id, route.entity_id, route.type, route.parent_url, route.url FROM route WHERE route.url='pages' LIMIT 1 [] []
[2018-02-13 16:02:15] defaultLogger.INFO: SELECT route.id, route.entity_id, route.type, route.parent_url, route.url FROM route WHERE route.url='pages' LIMIT 1 [] []
[2018-02-13 16:02:42] defaultLogger.INFO: SELECT route.id, route.entity_id, route.type, route.parent_url, route.url FROM route WHERE route.url='pages' LIMIT 1 [] []
[2018-02-13 16:03:03] defaultLogger.INFO: SELECT route.id, route.entity_id, route.type, route.parent_url, route.url FROM route WHERE route.url='pages' LIMIT 1 [] []
[2018-02-13 16:03:04] defaultLogger.INFO: SELECT route.id, route.entity_id, route.type, route.parent_url, route.url FROM route WHERE route.url='pages' LIMIT 1 [] []
[2018-02-13 16:03:05] defaultLogger.INFO: SELECT route.id, route.entity_id, route.type, route.parent_url, route.url FROM route WHERE route.url='pages' LIMIT 1 [] []
[2018-02-13 16:03:20] defaultLogger.INFO: SELECT route.id, route.entity_id, route.type, route.parent_url, route.url FROM route WHERE route.url='pages' LIMIT 1 [] []
[2018-02-13 16:03:21] defaultLogger.INFO: SELECT route.id, route.entity_id, route.type, route.parent_url, route.url FROM route WHERE route.url='pages' LIMIT 1 [] []
[2018-02-13 16:03:27] defaultLogger.INFO: SELECT route.id, route.entity_id, route.type, route.parent_url, route.url FROM route WHERE route.url='pages' LIMIT 1 [] []
[2018-02-13 16:03:28] defaultLogger.INFO: SELECT route.id, route.entity_id, route.type, route.parent_url, route.url FROM route WHERE route.url='pages' LIMIT 1 [] []
[2018-02-13 16:03:47] defaultLogger.INFO: SELECT route.id, route.entity_id, route.type, route.parent_url, route.url FROM route WHERE route.url='pages' LIMIT 1 [] []
[2018-02-13 16:03:48] defaultLogger.INFO: SELECT route.id, route.entity_id, route.type, route.parent_url, route.url FROM route WHERE route.url='pages' LIMIT 1 [] []
[2018-02-13 16:03:59] defaultLogger.INFO: SELECT route.id, route.entity_id, route.type, route.parent_url, route.url FROM route WHERE route.url='pages' LIMIT 1 [] []
[2018-02-13 16:04:00] defaultLogger.INFO: SELECT route.id, route.entity_id, route.type, route.parent_url, route.url FROM route WHERE route.url='pages' LIMIT 1 [] []
[2018-02-13 16:04:07] defaultLogger.INFO: SELECT route.id, route.entity_id, route.type, route.parent_url, route.url FROM route WHERE route.url='pages' LIMIT 1 [] []
[2018-02-13 16:04:08] defaultLogger.INFO: SELECT route.id, route.entity_id, route.type, route.parent_url, route.url FROM route WHERE route.url='pages' LIMIT 1 [] []
[2018-02-13 16:04:22] defaultLogger.INFO: SELECT route.id, route.entity_id, route.type, route.parent_url, route.url FROM route WHERE route.url='pages' LIMIT 1 [] []
[2018-02-13 16:04:41] defaultLogger.INFO: SELECT route.id, route.entity_id, route.type, route.parent_url, route.url FROM route WHERE route.url='pages' LIMIT 1 [] []
[2018-02-13 16:05:38] defaultLogger.INFO: SELECT route.id, route.entity_id, route.type, route.parent_url, route.url FROM route WHERE route.url='pages' LIMIT 1 [] []
[2018-02-13 16:07:33] defaultLogger.INFO: SELECT route.id, route.entity_id, route.type, route.parent_url, route.url FROM route WHERE route.url='8619-slide-2-1_1360_auto.jpg' LIMIT 1 [] []
[2018-02-13 16:42:20] defaultLogger.INFO: SELECT route.id, route.entity_id, route.type, route.parent_url, route.url FROM route WHERE route.url='pages' LIMIT 1 [] []
[2018-02-13 16:44:16] defaultLogger.INFO: SELECT route.id, route.entity_id, route.type, route.parent_url, route.url FROM route WHERE route.url='pages' LIMIT 1 [] []
[2018-02-13 16:44:25] defaultLogger.INFO: SELECT route.id, route.entity_id, route.type, route.parent_url, route.url FROM route WHERE route.url='pages' LIMIT 1 [] []
[2018-02-13 16:44:41] defaultLogger.INFO: SELECT route.id, route.entity_id, route.type, route.parent_url, route.url FROM route WHERE route.url='pages' LIMIT 1 [] []
[2018-02-13 16:45:03] defaultLogger.INFO: SELECT route.id, route.entity_id, route.type, route.parent_url, route.url FROM route WHERE route.url='pages' LIMIT 1 [] []
[2018-02-13 16:45:25] defaultLogger.INFO: SELECT route.id, route.entity_id, route.type, route.parent_url, route.url FROM route WHERE route.url='pages' LIMIT 1 [] []
[2018-02-13 16:46:19] defaultLogger.INFO: SELECT route.id, route.entity_id, route.type, route.parent_url, route.url FROM route WHERE route.url='pages' LIMIT 1 [] []
[2018-02-13 16:46:43] defaultLogger.INFO: SELECT route.id, route.entity_id, route.type, route.parent_url, route.url FROM route WHERE route.url='pages' LIMIT 1 [] []
[2018-02-13 16:48:51] defaultLogger.INFO: SELECT route.id, route.entity_id, route.type, route.parent_url, route.url FROM route WHERE route.url='pages' LIMIT 1 [] []
[2018-02-13 16:48:59] defaultLogger.INFO: SELECT route.id, route.entity_id, route.type, route.parent_url, route.url FROM route WHERE route.url='pages' LIMIT 1 [] []
[2018-02-13 16:49:22] defaultLogger.INFO: SELECT route.id, route.entity_id, route.type, route.parent_url, route.url FROM route WHERE route.url='pages' LIMIT 1 [] []
[2018-02-13 16:49:34] defaultLogger.INFO: SELECT route.id, route.entity_id, route.type, route.parent_url, route.url FROM route WHERE route.url='pages' LIMIT 1 [] []
[2018-02-13 16:50:43] defaultLogger.INFO: SELECT route.id, route.entity_id, route.type, route.parent_url, route.url FROM route WHERE route.url='pages' LIMIT 1 [] []
[2018-02-13 16:51:21] defaultLogger.INFO: SELECT route.id, route.entity_id, route.type, route.parent_url, route.url FROM route WHERE route.url='pages' LIMIT 1 [] []
[2018-02-13 16:52:40] defaultLogger.INFO: SELECT route.id, route.entity_id, route.type, route.parent_url, route.url FROM route WHERE route.url='pages' LIMIT 1 [] []
[2018-02-13 16:53:01] defaultLogger.INFO: SELECT route.id, route.entity_id, route.type, route.parent_url, route.url FROM route WHERE route.url='pages' LIMIT 1 [] []
[2018-02-13 16:54:13] defaultLogger.INFO: SELECT route.id, route.entity_id, route.type, route.parent_url, route.url FROM route WHERE route.url='pages' LIMIT 1 [] []
[2018-02-13 16:54:53] defaultLogger.INFO: SELECT route.id, route.entity_id, route.type, route.parent_url, route.url FROM route WHERE route.url='pages' LIMIT 1 [] []
[2018-02-13 16:55:05] defaultLogger.INFO: SELECT route.id, route.entity_id, route.type, route.parent_url, route.url FROM route WHERE route.url='pages' LIMIT 1 [] []
[2018-02-13 17:05:42] defaultLogger.INFO: SELECT route.id, route.entity_id, route.type, route.parent_url, route.url FROM route WHERE route.url='8619-slide-2-1_1360_auto.jpg' LIMIT 1 [] []
[2018-02-13 17:05:42] defaultLogger.INFO: SELECT route.id, route.entity_id, route.type, route.parent_url, route.url FROM route WHERE route.url='newnum' LIMIT 1 [] []
[2018-02-13 17:06:35] defaultLogger.INFO: SELECT route.id, route.entity_id, route.type, route.parent_url, route.url FROM route WHERE route.url='sfery-primeneniia' LIMIT 1 [] []
[2018-02-13 17:06:36] defaultLogger.INFO: SELECT route.id, route.entity_id, route.type, route.parent_url, route.url FROM route WHERE route.url='newnum' LIMIT 1 [] []
[2018-02-13 17:06:37] defaultLogger.INFO: SELECT route.id, route.entity_id, route.type, route.parent_url, route.url FROM route WHERE route.url='regions' LIMIT 1 [] []
[2018-02-13 17:06:37] defaultLogger.INFO: SELECT route.id, route.entity_id, route.type, route.parent_url, route.url FROM route WHERE route.entity_id='4' AND route.type='category' LIMIT 1 [] []
[2018-02-13 17:06:37] defaultLogger.INFO: SELECT route.id, route.entity_id, route.type, route.parent_url, route.url FROM route WHERE route.url='newnum' LIMIT 1 [] []
[2018-02-13 17:06:39] defaultLogger.INFO: SELECT route.id, route.entity_id, route.type, route.parent_url, route.url FROM route WHERE route.url='222' LIMIT 1 [] []
[2018-02-13 17:06:39] defaultLogger.INFO: SELECT route.id, route.entity_id, route.type, route.parent_url, route.url FROM route WHERE route.url='222' LIMIT 1 [] []
[2018-02-13 17:06:40] defaultLogger.INFO: SELECT route.id, route.entity_id, route.type, route.parent_url, route.url FROM route WHERE route.url='222' LIMIT 1 [] []
[2018-02-13 17:06:40] defaultLogger.INFO: SELECT route.id, route.entity_id, route.type, route.parent_url, route.url FROM route WHERE route.url='222' LIMIT 1 [] []
[2018-02-13 17:06:40] defaultLogger.INFO: SELECT route.id, route.entity_id, route.type, route.parent_url, route.url FROM route WHERE route.url='222' LIMIT 1 [] []
[2018-02-13 17:06:40] defaultLogger.INFO: SELECT route.id, route.entity_id, route.type, route.parent_url, route.url FROM route WHERE route.url='222' LIMIT 1 [] []
[2018-02-13 17:06:40] defaultLogger.INFO: SELECT route.id, route.entity_id, route.type, route.parent_url, route.url FROM route WHERE route.url='222' LIMIT 1 [] []
[2018-02-13 17:06:40] defaultLogger.INFO: SELECT route.id, route.entity_id, route.type, route.parent_url, route.url FROM route WHERE route.url='222' LIMIT 1 [] []
[2018-02-13 17:06:40] defaultLogger.INFO: SELECT route.id, route.entity_id, route.type, route.parent_url, route.url FROM route WHERE route.url='222' LIMIT 1 [] []
[2018-02-13 17:06:40] defaultLogger.INFO: SELECT route.id, route.entity_id, route.type, route.parent_url, route.url FROM route WHERE route.url='222' LIMIT 1 [] []
[2018-02-13 17:06:40] defaultLogger.INFO: SELECT route.id, route.entity_id, route.type, route.parent_url, route.url FROM route WHERE route.url='pages' LIMIT 1 [] []
[2018-02-13 17:06:40] defaultLogger.INFO: SELECT route.id, route.entity_id, route.type, route.parent_url, route.url FROM route WHERE route.url='222' LIMIT 1 [] []
[2018-02-13 17:06:41] defaultLogger.INFO: SELECT route.id, route.entity_id, route.type, route.parent_url, route.url FROM route WHERE route.url='222' LIMIT 1 [] []
[2018-02-13 17:06:41] defaultLogger.INFO: SELECT route.id, route.entity_id, route.type, route.parent_url, route.url FROM route WHERE route.url='222' LIMIT 1 [] []
[2018-02-13 17:06:41] defaultLogger.INFO: SELECT route.id, route.entity_id, route.type, route.parent_url, route.url FROM route WHERE route.url='222' LIMIT 1 [] []
[2018-02-13 17:06:41] defaultLogger.INFO: SELECT route.id, route.entity_id, route.type, route.parent_url, route.url FROM route WHERE route.url='222' LIMIT 1 [] []
[2018-02-13 17:06:41] defaultLogger.INFO: SELECT route.id, route.entity_id, route.type, route.parent_url, route.url FROM route WHERE route.url='222' LIMIT 1 [] []
[2018-02-13 17:06:41] defaultLogger.INFO: SELECT route.id, route.entity_id, route.type, route.parent_url, route.url FROM route WHERE route.url='222' LIMIT 1 [] []
[2018-02-13 17:06:41] defaultLogger.INFO: SELECT route.id, route.entity_id, route.type, route.parent_url, route.url FROM route WHERE route.url='222' LIMIT 1 [] []
[2018-02-13 17:06:49] defaultLogger.INFO: SELECT route.id, route.entity_id, route.type, route.parent_url, route.url FROM route WHERE route.url='pages' LIMIT 1 [] []
[2018-02-13 17:07:02] defaultLogger.INFO: SELECT route.id, route.entity_id, route.type, route.parent_url, route.url FROM route WHERE route.url='pages' LIMIT 1 [] []
[2018-02-13 17:07:13] defaultLogger.INFO: SELECT route.id, route.entity_id, route.type, route.parent_url, route.url FROM route WHERE route.url='service' LIMIT 1 [] []
[2018-02-13 17:07:13] defaultLogger.INFO: SELECT route.id, route.entity_id, route.type, route.parent_url, route.url FROM route WHERE route.entity_id='3' AND route.type='category' LIMIT 1 [] []
[2018-02-13 17:07:13] defaultLogger.INFO: SELECT route.id, route.entity_id, route.type, route.parent_url, route.url FROM route WHERE route.url='newnum' LIMIT 1 [] []
[2018-02-13 17:07:28] defaultLogger.INFO: SELECT route.id, route.entity_id, route.type, route.parent_url, route.url FROM route WHERE route.url='pages' LIMIT 1 [] []
[2018-02-13 17:07:29] defaultLogger.INFO: SELECT route.id, route.entity_id, route.type, route.parent_url, route.url FROM route WHERE route.url='pages' LIMIT 1 [] []
[2018-02-13 17:07:30] defaultLogger.INFO: SELECT route.id, route.entity_id, route.type, route.parent_url, route.url FROM route WHERE route.url='pages' LIMIT 1 [] []
[2018-02-13 17:08:00] defaultLogger.INFO: SELECT route.id, route.entity_id, route.type, route.parent_url, route.url FROM route WHERE route.url='8619-slide-2-1_1360_auto.jpg' LIMIT 1 [] []
[2018-02-13 17:08:00] defaultLogger.INFO: SELECT route.id, route.entity_id, route.type, route.parent_url, route.url FROM route WHERE route.url='newnum' LIMIT 1 [] []
[2018-02-13 17:08:19] defaultLogger.INFO: SELECT route.id, route.entity_id, route.type, route.parent_url, route.url FROM route WHERE route.url='spares' LIMIT 1 [] []
[2018-02-13 17:08:19] defaultLogger.INFO: SELECT route.id, route.entity_id, route.type, route.parent_url, route.url FROM route WHERE route.entity_id='12' AND route.type='category' LIMIT 1 [] []
[2018-02-13 17:08:19] defaultLogger.INFO: SELECT route.id, route.entity_id, route.type, route.parent_url, route.url FROM route WHERE route.url IN ('service') ORDER BY route.parent_url ASC [] []
[2018-02-13 17:08:19] defaultLogger.INFO: SELECT route.id, route.entity_id, route.type, route.parent_url, route.url FROM route WHERE route.url='newnum' LIMIT 1 [] []
[2018-02-13 17:08:22] defaultLogger.INFO: SELECT route.id, route.entity_id, route.type, route.parent_url, route.url FROM route WHERE route.url='service' LIMIT 1 [] []
[2018-02-13 17:08:22] defaultLogger.INFO: SELECT route.id, route.entity_id, route.type, route.parent_url, route.url FROM route WHERE route.entity_id='3' AND route.type='category' LIMIT 1 [] []
[2018-02-13 17:08:23] defaultLogger.INFO: SELECT route.id, route.entity_id, route.type, route.parent_url, route.url FROM route WHERE route.url='newnum' LIMIT 1 [] []
[2018-02-13 17:08:24] defaultLogger.INFO: SELECT route.id, route.entity_id, route.type, route.parent_url, route.url FROM route WHERE route.url='spares' LIMIT 1 [] []
[2018-02-13 17:08:24] defaultLogger.INFO: SELECT route.id, route.entity_id, route.type, route.parent_url, route.url FROM route WHERE route.entity_id='12' AND route.type='category' LIMIT 1 [] []
[2018-02-13 17:08:24] defaultLogger.INFO: SELECT route.id, route.entity_id, route.type, route.parent_url, route.url FROM route WHERE route.url IN ('service') ORDER BY route.parent_url ASC [] []
[2018-02-13 17:08:24] defaultLogger.INFO: SELECT route.id, route.entity_id, route.type, route.parent_url, route.url FROM route WHERE route.url='newnum' LIMIT 1 [] []
[2018-02-13 17:08:26] defaultLogger.INFO: SELECT route.id, route.entity_id, route.type, route.parent_url, route.url FROM route WHERE route.url='spares_betononasosy' LIMIT 1 [] []
[2018-02-13 17:08:26] defaultLogger.INFO: SELECT route.id, route.entity_id, route.type, route.parent_url, route.url FROM route WHERE route.entity_id='39' AND route.type='category' LIMIT 1 [] []
[2018-02-13 17:08:26] defaultLogger.INFO: SELECT route.id, route.entity_id, route.type, route.parent_url, route.url FROM route WHERE route.url IN ('service','spares') ORDER BY route.parent_url ASC [] []
[2018-02-13 17:08:26] defaultLogger.INFO: SELECT route.id, route.entity_id, route.type, route.parent_url, route.url FROM route WHERE route.url='newnum' LIMIT 1 [] []
[2018-02-13 17:08:28] defaultLogger.INFO: SELECT route.id, route.entity_id, route.type, route.parent_url, route.url FROM route WHERE route.url='betonovody-sk-125-mm' LIMIT 1 [] []
[2018-02-13 17:08:28] defaultLogger.INFO: SELECT route.id, route.entity_id, route.type, route.parent_url, route.url FROM route WHERE route.entity_id='41' AND route.type='category' LIMIT 1 [] []
[2018-02-13 17:08:28] defaultLogger.INFO: SELECT route.id, route.entity_id, route.type, route.parent_url, route.url FROM route WHERE route.url IN ('service','spares','spares_betononasosy') ORDER BY route.parent_url ASC [] []
[2018-02-13 17:08:28] defaultLogger.INFO: SELECT route.id, route.entity_id, route.type, route.parent_url, route.url FROM route WHERE route.url='newnum' LIMIT 1 [] []
[2018-02-13 17:08:29] defaultLogger.INFO: SELECT route.id, route.entity_id, route.type, route.parent_url, route.url FROM route WHERE route.url='truba_betonovoda_l3000_mm_sk_125_55_st_52_germaniya' LIMIT 1 [] []
[2018-02-13 17:08:29] defaultLogger.INFO: SELECT route.id, route.entity_id, route.type, route.parent_url, route.url FROM route WHERE route.entity_id='41' AND route.type='category' LIMIT 1 [] []
[2018-02-13 17:08:29] defaultLogger.INFO: SELECT route.id, route.entity_id, route.type, route.parent_url, route.url FROM route WHERE route.url IN ('service','spares','spares_betononasosy') ORDER BY route.parent_url ASC [] []
[2018-02-13 17:08:29] defaultLogger.INFO: SELECT route.id, route.entity_id, route.type, route.parent_url, route.url FROM route WHERE route.url='newnum' LIMIT 1 [] []
[2018-02-13 17:09:57] defaultLogger.INFO: SELECT route.id, route.entity_id, route.type, route.parent_url, route.url FROM route WHERE route.url='pages' LIMIT 1 [] []
[2018-02-13 17:09:58] defaultLogger.INFO: SELECT route.id, route.entity_id, route.type, route.parent_url, route.url FROM route WHERE route.url='pages' LIMIT 1 [] []
[2018-02-13 17:10:11] defaultLogger.INFO: SELECT route.id, route.entity_id, route.type, route.parent_url, route.url FROM route WHERE route.url='pages' LIMIT 1 [] []
[2018-02-13 17:10:12] defaultLogger.INFO: SELECT route.id, route.entity_id, route.type, route.parent_url, route.url FROM route WHERE route.url='pages' LIMIT 1 [] []
[2018-02-13 17:10:26] defaultLogger.INFO: SELECT route.id, route.entity_id, route.type, route.parent_url, route.url FROM route WHERE route.url='pages' LIMIT 1 [] []
[2018-02-13 17:10:37] defaultLogger.INFO: SELECT route.id, route.entity_id, route.type, route.parent_url, route.url FROM route WHERE route.url='pages' LIMIT 1 [] []
[2018-02-13 17:10:38] defaultLogger.INFO: SELECT route.id, route.entity_id, route.type, route.parent_url, route.url FROM route WHERE route.url='pages' LIMIT 1 [] []
[2018-02-13 17:10:48] defaultLogger.INFO: SELECT route.id, route.entity_id, route.type, route.parent_url, route.url FROM route WHERE route.url='pages' LIMIT 1 [] []
[2018-02-13 17:11:25] defaultLogger.INFO: SELECT route.id, route.entity_id, route.type, route.parent_url, route.url FROM route WHERE route.url='pages' LIMIT 1 [] []
[2018-02-13 17:11:31] defaultLogger.INFO: SELECT route.id, route.entity_id, route.type, route.parent_url, route.url FROM route WHERE route.url='pages' LIMIT 1 [] []
[2018-02-13 17:12:46] defaultLogger.INFO: SELECT route.id, route.entity_id, route.type, route.parent_url, route.url FROM route WHERE route.url='pages' LIMIT 1 [] []
[2018-02-13 17:13:03] defaultLogger.INFO: SELECT route.id, route.entity_id, route.type, route.parent_url, route.url FROM route WHERE route.url='pages' LIMIT 1 [] []
[2018-02-13 17:13:10] defaultLogger.INFO: SELECT route.id, route.entity_id, route.type, route.parent_url, route.url FROM route WHERE route.url='pages' LIMIT 1 [] []
[2018-02-13 17:13:39] defaultLogger.INFO: SELECT route.id, route.entity_id, route.type, route.parent_url, route.url FROM route WHERE route.url='pages' LIMIT 1 [] []
[2018-02-13 17:14:14] defaultLogger.INFO: SELECT route.id, route.entity_id, route.type, route.parent_url, route.url FROM route WHERE route.url='pages' LIMIT 1 [] []
[2018-02-13 17:14:26] defaultLogger.INFO: SELECT route.id, route.entity_id, route.type, route.parent_url, route.url FROM route WHERE route.url='pages' LIMIT 1 [] []
[2018-02-13 17:15:10] defaultLogger.INFO: SELECT route.id, route.entity_id, route.type, route.parent_url, route.url FROM route WHERE route.url='pages' LIMIT 1 [] []
[2018-02-13 17:15:18] defaultLogger.INFO: SELECT route.id, route.entity_id, route.type, route.parent_url, route.url FROM route WHERE route.url='pages' LIMIT 1 [] []
[2018-02-13 17:15:55] defaultLogger.INFO: SELECT route.id, route.entity_id, route.type, route.parent_url, route.url FROM route WHERE route.url='pages' LIMIT 1 [] []
[2018-02-13 17:16:06] defaultLogger.INFO: SELECT route.id, route.entity_id, route.type, route.parent_url, route.url FROM route WHERE route.url='pages' LIMIT 1 [] []
[2018-02-13 17:16:16] defaultLogger.INFO: SELECT route.id, route.entity_id, route.type, route.parent_url, route.url FROM route WHERE route.url='pages' LIMIT 1 [] []
[2018-02-13 17:16:55] defaultLogger.INFO: SELECT route.id, route.entity_id, route.type, route.parent_url, route.url FROM route WHERE route.url='pages' LIMIT 1 [] []
[2018-02-13 17:18:08] defaultLogger.INFO: SELECT route.id, route.entity_id, route.type, route.parent_url, route.url FROM route WHERE route.url='pages' LIMIT 1 [] []
[2018-02-13 17:18:43] defaultLogger.INFO: SELECT route.id, route.entity_id, route.type, route.parent_url, route.url FROM route WHERE route.url='pages' LIMIT 1 [] []
[2018-02-13 17:18:56] defaultLogger.INFO: SELECT route.id, route.entity_id, route.type, route.parent_url, route.url FROM route WHERE route.url='pages' LIMIT 1 [] []
[2018-02-13 17:19:29] defaultLogger.INFO: SELECT route.id, route.entity_id, route.type, route.parent_url, route.url FROM route WHERE route.url='pages' LIMIT 1 [] []
[2018-02-13 17:20:04] defaultLogger.INFO: SELECT route.id, route.entity_id, route.type, route.parent_url, route.url FROM route WHERE route.url='pages' LIMIT 1 [] []
[2018-02-13 17:20:52] defaultLogger.INFO: SELECT route.id, route.entity_id, route.type, route.parent_url, route.url FROM route WHERE route.url='pages' LIMIT 1 [] []
[2018-02-13 17:21:04] defaultLogger.INFO: SELECT route.id, route.entity_id, route.type, route.parent_url, route.url FROM route WHERE route.url='pages' LIMIT 1 [] []
[2018-02-13 17:22:59] defaultLogger.INFO: SELECT route.id, route.entity_id, route.type, route.parent_url, route.url FROM route WHERE route.url='pages' LIMIT 1 [] []
[2018-02-13 17:23:13] defaultLogger.INFO: SELECT route.id, route.entity_id, route.type, route.parent_url, route.url FROM route WHERE route.url='pages' LIMIT 1 [] []
[2018-02-13 17:23:34] defaultLogger.INFO: SELECT route.id, route.entity_id, route.type, route.parent_url, route.url FROM route WHERE route.url='pages' LIMIT 1 [] []
[2018-02-13 17:23:54] defaultLogger.INFO: SELECT route.id, route.entity_id, route.type, route.parent_url, route.url FROM route WHERE route.url='pages' LIMIT 1 [] []
[2018-02-13 17:23:55] defaultLogger.INFO: SELECT route.id, route.entity_id, route.type, route.parent_url, route.url FROM route WHERE route.url='pages' LIMIT 1 [] []
[2018-02-13 17:24:23] defaultLogger.INFO: SELECT route.id, route.entity_id, route.type, route.parent_url, route.url FROM route WHERE route.url='pages' LIMIT 1 [] []
[2018-02-13 17:24:31] defaultLogger.INFO: SELECT route.id, route.entity_id, route.type, route.parent_url, route.url FROM route WHERE route.url='pages' LIMIT 1 [] []
[2018-02-13 17:24:32] defaultLogger.INFO: SELECT route.id, route.entity_id, route.type, route.parent_url, route.url FROM route WHERE route.url='pages' LIMIT 1 [] []
[2018-02-13 17:24:54] defaultLogger.INFO: SELECT route.id, route.entity_id, route.type, route.parent_url, route.url FROM route WHERE route.url='pages' LIMIT 1 [] []
[2018-02-13 17:25:02] defaultLogger.INFO: SELECT route.id, route.entity_id, route.type, route.parent_url, route.url FROM route WHERE route.url='pages' LIMIT 1 [] []
[2018-02-13 17:25:59] defaultLogger.INFO: SELECT route.id, route.entity_id, route.type, route.parent_url, route.url FROM route WHERE route.url='pages' LIMIT 1 [] []
[2018-02-13 17:29:00] defaultLogger.INFO: SELECT route.id, route.entity_id, route.type, route.parent_url, route.url FROM route WHERE route.url='126' LIMIT 1 [] []
[2018-02-13 17:29:02] defaultLogger.INFO: SELECT route.id, route.entity_id, route.type, route.parent_url, route.url FROM route WHERE route.type='page' AND route.entity_id='557' LIMIT 1 [] []
[2018-02-13 17:29:14] defaultLogger.INFO: SELECT route.id, route.entity_id, route.type, route.parent_url, route.url FROM route WHERE route.url='pages' LIMIT 1 [] []
[2018-02-13 17:31:50] defaultLogger.INFO: SELECT route.id, route.entity_id, route.type, route.parent_url, route.url FROM route WHERE route.url='pages' LIMIT 1 [] []
[2018-02-13 17:32:01] defaultLogger.INFO: SELECT route.id, route.entity_id, route.type, route.parent_url, route.url FROM route WHERE route.url='pages' LIMIT 1 [] []
[2018-02-13 17:32:19] defaultLogger.INFO: SELECT route.id, route.entity_id, route.type, route.parent_url, route.url FROM route WHERE route.url='pages' LIMIT 1 [] []
[2018-02-13 17:32:27] defaultLogger.INFO: SELECT route.id, route.entity_id, route.type, route.parent_url, route.url FROM route WHERE route.url='pages' LIMIT 1 [] []
[2018-02-13 17:32:37] defaultLogger.INFO: SELECT route.id, route.entity_id, route.type, route.parent_url, route.url FROM route WHERE route.url='pages' LIMIT 1 [] []
[2018-02-13 17:32:38] defaultLogger.INFO: SELECT route.id, route.entity_id, route.type, route.parent_url, route.url FROM route WHERE route.url='pages' LIMIT 1 [] []
[2018-02-13 17:32:39] defaultLogger.INFO: SELECT route.id, route.entity_id, route.type, route.parent_url, route.url FROM route WHERE route.url='pages' LIMIT 1 [] []
[2018-02-13 17:32:51] defaultLogger.INFO: SELECT route.id, route.entity_id, route.type, route.parent_url, route.url FROM route WHERE route.url='pages' LIMIT 1 [] []
[2018-02-13 17:33:11] defaultLogger.INFO: SELECT route.id, route.entity_id, route.type, route.parent_url, route.url FROM route WHERE route.url='pages' LIMIT 1 [] []
[2018-02-13 17:33:22] defaultLogger.INFO: SELECT route.id, route.entity_id, route.type, route.parent_url, route.url FROM route WHERE route.url='pages' LIMIT 1 [] []
[2018-02-13 17:33:23] defaultLogger.INFO: SELECT route.id, route.entity_id, route.type, route.parent_url, route.url FROM route WHERE route.url='pages' LIMIT 1 [] []
[2018-02-13 17:33:29] defaultLogger.INFO: SELECT route.id, route.entity_id, route.type, route.parent_url, route.url FROM route WHERE route.url='pages' LIMIT 1 [] []
[2018-02-13 17:34:05] defaultLogger.INFO: SELECT route.id, route.entity_id, route.type, route.parent_url, route.url FROM route WHERE route.url='pages' LIMIT 1 [] []
[2018-02-13 17:36:15] defaultLogger.INFO: SELECT route.id, route.entity_id, route.type, route.parent_url, route.url FROM route WHERE route.url='pages' LIMIT 1 [] []
[2018-02-13 17:36:34] defaultLogger.INFO: SELECT route.id, route.entity_id, route.type, route.parent_url, route.url FROM route WHERE route.url='pages' LIMIT 1 [] []
[2018-02-13 17:36:45] defaultLogger.INFO: SELECT route.id, route.entity_id, route.type, route.parent_url, route.url FROM route WHERE route.url='pages' LIMIT 1 [] []
[2018-02-13 18:02:21] defaultLogger.INFO: SELECT route.id, route.entity_id, route.type, route.parent_url, route.url FROM route WHERE route.url='pages' LIMIT 1 [] []
[2018-02-13 18:03:15] defaultLogger.INFO: SELECT route.id, route.entity_id, route.type, route.parent_url, route.url FROM route WHERE route.url='pages' LIMIT 1 [] []
[2018-02-13 18:03:23] defaultLogger.INFO: SELECT route.id, route.entity_id, route.type, route.parent_url, route.url FROM route WHERE route.url='pages' LIMIT 1 [] []
[2018-02-13 18:03:49] defaultLogger.INFO: SELECT route.id, route.entity_id, route.type, route.parent_url, route.url FROM route WHERE route.url='pages' LIMIT 1 [] []
[2018-02-13 18:04:16] defaultLogger.INFO: SELECT route.id, route.entity_id, route.type, route.parent_url, route.url FROM route WHERE route.url='pages' LIMIT 1 [] []
[2018-02-13 18:04:52] defaultLogger.INFO: SELECT route.id, route.entity_id, route.type, route.parent_url, route.url FROM route WHERE route.url='pages' LIMIT 1 [] []
[2018-02-13 18:06:04] defaultLogger.INFO: SELECT route.id, route.entity_id, route.type, route.parent_url, route.url FROM route WHERE route.url='pages' LIMIT 1 [] []
[2018-02-13 18:07:53] defaultLogger.INFO: SELECT route.id, route.entity_id, route.type, route.parent_url, route.url FROM route WHERE route.url='pages' LIMIT 1 [] []
[2018-02-13 18:10:43] defaultLogger.INFO: SELECT route.id, route.entity_id, route.type, route.parent_url, route.url FROM route WHERE route.url='pages' LIMIT 1 [] []
[2018-02-13 18:11:51] defaultLogger.INFO: SELECT route.id, route.entity_id, route.type, route.parent_url, route.url FROM route WHERE route.url='pages' LIMIT 1 [] []
[2018-02-13 18:13:08] defaultLogger.INFO: SELECT route.id, route.entity_id, route.type, route.parent_url, route.url FROM route WHERE route.url='pages' LIMIT 1 [] []
[2018-02-13 18:13:27] defaultLogger.INFO: SELECT route.id, route.entity_id, route.type, route.parent_url, route.url FROM route WHERE route.url='pages' LIMIT 1 [] []
[2018-02-13 18:13:45] defaultLogger.INFO: SELECT route.id, route.entity_id, route.type, route.parent_url, route.url FROM route WHERE route.url='pages' LIMIT 1 [] []
[2018-02-13 18:14:31] defaultLogger.INFO: SELECT route.id, route.entity_id, route.type, route.parent_url, route.url FROM route WHERE route.url='pages' LIMIT 1 [] []
[2018-02-13 18:14:51] defaultLogger.INFO: SELECT route.id, route.entity_id, route.type, route.parent_url, route.url FROM route WHERE route.url='pages' LIMIT 1 [] []
[2018-02-13 18:15:21] defaultLogger.INFO: SELECT route.id, route.entity_id, route.type, route.parent_url, route.url FROM route WHERE route.url='pages' LIMIT 1 [] []
[2018-02-13 18:15:30] defaultLogger.INFO: SELECT route.id, route.entity_id, route.type, route.parent_url, route.url FROM route WHERE route.url='pages' LIMIT 1 [] []
